[I 2025-03-26 23:30:43.413 ServerApp] jupyter_lsp | extension was successfully linked.
[I 2025-03-26 23:30:43.415 ServerApp] jupyter_server_terminals | extension was successfully linked.
[I 2025-03-26 23:30:43.417 ServerApp] jupyterlab | extension was successfully linked.
[I 2025-03-26 23:30:43.418 ServerApp] notebook | extension was successfully linked.
[W 2025-03-26 23:30:43.618 ServerApp] A `_jupyter_server_extension_points` function was not found in jupyter_nbextensions_configurator. Instead, a `_jupyter_server_extension_paths` function was found and will be used for now. This function name will be deprecated in future releases of Jupyter Server.
[I 2025-03-26 23:30:43.618 ServerApp] jupyter_nbextensions_configurator | extension was found and enabled by notebook_shim. Consider moving the extension to Jupyter Server's extension paths.
[I 2025-03-26 23:30:43.618 ServerApp] jupyter_nbextensions_configurator | extension was successfully linked.
[I 2025-03-26 23:30:43.618 ServerApp] notebook_shim | extension was successfully linked.
[I 2025-03-26 23:30:43.706 ServerApp] notebook_shim | extension was successfully loaded.
[I 2025-03-26 23:30:43.707 ServerApp] jupyter_lsp | extension was successfully loaded.
[I 2025-03-26 23:30:43.707 ServerApp] [jupyter_nbextensions_configurator] enabled 0.6.4
[I 2025-03-26 23:30:43.707 ServerApp] jupyter_nbextensions_configurator | extension was successfully loaded.
[I 2025-03-26 23:30:43.708 ServerApp] jupyter_server_terminals | extension was successfully loaded.
[I 2025-03-26 23:30:43.710 LabApp] JupyterLab extension loaded from /Users/shyamgupta/Documents/uohvenv/lib/python3.12/site-packages/jupyterlab
[I 2025-03-26 23:30:43.710 LabApp] JupyterLab application directory is /Users/shyamgupta/Documents/uohvenv/share/jupyter/lab
[I 2025-03-26 23:30:43.710 LabApp] Extension Manager is 'pypi'.
[I 2025-03-26 23:30:43.720 ServerApp] jupyterlab | extension was successfully loaded.
[I 2025-03-26 23:30:43.721 ServerApp] notebook | extension was successfully loaded.
[I 2025-03-26 23:30:43.722 ServerApp] Serving notebooks from local directory: /Users/shyamgupta/Documents/iitDelhi
[I 2025-03-26 23:30:43.722 ServerApp] Jupyter Server 2.14.1 is running at:
[I 2025-03-26 23:30:43.722 ServerApp] http://localhost:8888/tree?token=1fc7fe2d2e055c42d868a013487510d7e449b5f649409151
[I 2025-03-26 23:30:43.722 ServerApp]     http://127.0.0.1:8888/tree?token=1fc7fe2d2e055c42d868a013487510d7e449b5f649409151
[I 2025-03-26 23:30:43.722 ServerApp] Use Control-C to stop this server and shut down all kernels (twice to skip confirmation).
[C 2025-03-26 23:30:43.726 ServerApp] 
    
    To access the server, open this file in a browser:
        file:///Users/shyamgupta/Library/Jupyter/runtime/jpserver-30860-open.html
    Or copy and paste one of these URLs:
        http://localhost:8888/tree?token=1fc7fe2d2e055c42d868a013487510d7e449b5f649409151
        http://127.0.0.1:8888/tree?token=1fc7fe2d2e055c42d868a013487510d7e449b5f649409151
[I 2025-03-26 23:30:48.354 ServerApp] Skipped non-installed server(s): bash-language-server, dockerfile-language-server-nodejs, javascript-typescript-langserver, jedi-language-server, julia-language-server, pyright, python-lsp-server, sql-language-server, texlab, typescript-language-server, unified-language-server, vscode-css-languageserver-bin, vscode-html-languageserver-bin, vscode-json-languageserver-bin, yaml-language-server
[I 2025-03-26 23:31:09.798 ServerApp] Creating new notebook in 
[I 2025-03-26 23:31:10.231 ServerApp] Saving file at /Untitled.ipynb
[E 2025-03-26 23:31:10.264 ServerApp] Uncaught exception GET /api/nbconvert?1743012069884 (::1)
    HTTPServerRequest(protocol='http', host='localhost:8888', method='GET', uri='/api/nbconvert?1743012069884', version='HTTP/1.1', remote_ip='::1')
    Traceback (most recent call last):
      File "/Users/shyamgupta/Documents/uohvenv/lib/python3.12/site-packages/tornado/web.py", line 1790, in _execute
        result = await result
                 ^^^^^^^^^^^^
      File "/Users/shyamgupta/Documents/uohvenv/lib/python3.12/site-packages/jupyter_server/auth/decorator.py", line 73, in inner
        return await out
               ^^^^^^^^^
      File "/Users/shyamgupta/Documents/uohvenv/lib/python3.12/site-packages/jupyter_server/services/nbconvert/handlers.py", line 41, in get
        exporters = await run_sync(base.get_export_names)
                    ^^^^^^^^^^^^^^^^^^^^^^^^^^^^^^^^^^^^^
      File "/Users/shyamgupta/Documents/uohvenv/lib/python3.12/site-packages/anyio/to_thread.py", line 56, in run_sync
        return await get_async_backend().run_sync_in_worker_thread(
               ^^^^^^^^^^^^^^^^^^^^^^^^^^^^^^^^^^^^^^^^^^^^^^^^^^^^
      File "/Users/shyamgupta/Documents/uohvenv/lib/python3.12/site-packages/anyio/_backends/_asyncio.py", line 2177, in run_sync_in_worker_thread
        return await future
               ^^^^^^^^^^^^
      File "/Users/shyamgupta/Documents/uohvenv/lib/python3.12/site-packages/anyio/_backends/_asyncio.py", line 859, in run
        result = context.run(func, *args)
                 ^^^^^^^^^^^^^^^^^^^^^^^^
      File "/Users/shyamgupta/Documents/uohvenv/lib/python3.12/site-packages/nbconvert/exporters/base.py", line 145, in get_export_names
        e = get_exporter(exporter_name)(config=config)
            ^^^^^^^^^^^^^^^^^^^^^^^^^^^
      File "/Users/shyamgupta/Documents/uohvenv/lib/python3.12/site-packages/nbconvert/exporters/base.py", line 106, in get_exporter
        exporter = items[0].load()
                   ^^^^^^^^^^^^^^^
      File "/opt/homebrew/Cellar/python@3.12/3.12.8/Frameworks/Python.framework/Versions/3.12/lib/python3.12/importlib/metadata/__init__.py", line 205, in load
        module = import_module(match.group('module'))
                 ^^^^^^^^^^^^^^^^^^^^^^^^^^^^^^^^^^^^
      File "/opt/homebrew/Cellar/python@3.12/3.12.8/Frameworks/Python.framework/Versions/3.12/lib/python3.12/importlib/__init__.py", line 90, in import_module
        return _bootstrap._gcd_import(name[level:], package, level)
               ^^^^^^^^^^^^^^^^^^^^^^^^^^^^^^^^^^^^^^^^^^^^^^^^^^^^
      File "<frozen importlib._bootstrap>", line 1387, in _gcd_import
      File "<frozen importlib._bootstrap>", line 1360, in _find_and_load
      File "<frozen importlib._bootstrap>", line 1310, in _find_and_load_unlocked
      File "<frozen importlib._bootstrap>", line 488, in _call_with_frames_removed
      File "<frozen importlib._bootstrap>", line 1387, in _gcd_import
      File "<frozen importlib._bootstrap>", line 1360, in _find_and_load
      File "<frozen importlib._bootstrap>", line 1331, in _find_and_load_unlocked
      File "<frozen importlib._bootstrap>", line 935, in _load_unlocked
      File "<frozen importlib._bootstrap_external>", line 999, in exec_module
      File "<frozen importlib._bootstrap>", line 488, in _call_with_frames_removed
      File "/Users/shyamgupta/jupyter_contrib_nbextensions/src/jupyter_contrib_nbextensions/nbconvert_support/__init__.py", line 5, in <module>
        from .collapsible_headings import ExporterCollapsibleHeadings
      File "/Users/shyamgupta/jupyter_contrib_nbextensions/src/jupyter_contrib_nbextensions/nbconvert_support/collapsible_headings.py", line 6, in <module>
        from notebook.services.config import ConfigManager
    ModuleNotFoundError: No module named 'notebook.services'
[W 2025-03-26 23:31:10.270 ServerApp] wrote error: 'Unhandled error'
    Traceback (most recent call last):
      File "/Users/shyamgupta/Documents/uohvenv/lib/python3.12/site-packages/tornado/web.py", line 1790, in _execute
        result = await result
                 ^^^^^^^^^^^^
      File "/Users/shyamgupta/Documents/uohvenv/lib/python3.12/site-packages/jupyter_server/auth/decorator.py", line 73, in inner
        return await out
               ^^^^^^^^^
      File "/Users/shyamgupta/Documents/uohvenv/lib/python3.12/site-packages/jupyter_server/services/nbconvert/handlers.py", line 41, in get
        exporters = await run_sync(base.get_export_names)
                    ^^^^^^^^^^^^^^^^^^^^^^^^^^^^^^^^^^^^^
      File "/Users/shyamgupta/Documents/uohvenv/lib/python3.12/site-packages/anyio/to_thread.py", line 56, in run_sync
        return await get_async_backend().run_sync_in_worker_thread(
               ^^^^^^^^^^^^^^^^^^^^^^^^^^^^^^^^^^^^^^^^^^^^^^^^^^^^
      File "/Users/shyamgupta/Documents/uohvenv/lib/python3.12/site-packages/anyio/_backends/_asyncio.py", line 2177, in run_sync_in_worker_thread
        return await future
               ^^^^^^^^^^^^
      File "/Users/shyamgupta/Documents/uohvenv/lib/python3.12/site-packages/anyio/_backends/_asyncio.py", line 859, in run
        result = context.run(func, *args)
                 ^^^^^^^^^^^^^^^^^^^^^^^^
      File "/Users/shyamgupta/Documents/uohvenv/lib/python3.12/site-packages/nbconvert/exporters/base.py", line 145, in get_export_names
        e = get_exporter(exporter_name)(config=config)
            ^^^^^^^^^^^^^^^^^^^^^^^^^^^
      File "/Users/shyamgupta/Documents/uohvenv/lib/python3.12/site-packages/nbconvert/exporters/base.py", line 106, in get_exporter
        exporter = items[0].load()
                   ^^^^^^^^^^^^^^^
      File "/opt/homebrew/Cellar/python@3.12/3.12.8/Frameworks/Python.framework/Versions/3.12/lib/python3.12/importlib/metadata/__init__.py", line 205, in load
        module = import_module(match.group('module'))
                 ^^^^^^^^^^^^^^^^^^^^^^^^^^^^^^^^^^^^
      File "/opt/homebrew/Cellar/python@3.12/3.12.8/Frameworks/Python.framework/Versions/3.12/lib/python3.12/importlib/__init__.py", line 90, in import_module
        return _bootstrap._gcd_import(name[level:], package, level)
               ^^^^^^^^^^^^^^^^^^^^^^^^^^^^^^^^^^^^^^^^^^^^^^^^^^^^
      File "<frozen importlib._bootstrap>", line 1387, in _gcd_import
      File "<frozen importlib._bootstrap>", line 1360, in _find_and_load
      File "<frozen importlib._bootstrap>", line 1310, in _find_and_load_unlocked
      File "<frozen importlib._bootstrap>", line 488, in _call_with_frames_removed
      File "<frozen importlib._bootstrap>", line 1387, in _gcd_import
      File "<frozen importlib._bootstrap>", line 1360, in _find_and_load
      File "<frozen importlib._bootstrap>", line 1331, in _find_and_load_unlocked
      File "<frozen importlib._bootstrap>", line 935, in _load_unlocked
      File "<frozen importlib._bootstrap_external>", line 999, in exec_module
      File "<frozen importlib._bootstrap>", line 488, in _call_with_frames_removed
      File "/Users/shyamgupta/jupyter_contrib_nbextensions/src/jupyter_contrib_nbextensions/nbconvert_support/__init__.py", line 5, in <module>
        from .collapsible_headings import ExporterCollapsibleHeadings
      File "/Users/shyamgupta/jupyter_contrib_nbextensions/src/jupyter_contrib_nbextensions/nbconvert_support/collapsible_headings.py", line 6, in <module>
        from notebook.services.config import ConfigManager
    ModuleNotFoundError: No module named 'notebook.services'
[E 2025-03-26 23:31:10.270 ServerApp] {
      "Host": "localhost:8888",
      "Accept": "*/*",
      "Referer": "http://localhost:8888/tree",
      "User-Agent": "Mozilla/5.0 (Macintosh; Intel Mac OS X 10_15_7) AppleWebKit/605.1.15 (KHTML, like Gecko) Version/18.3.1 Safari/605.1.15"
    }
[E 2025-03-26 23:31:10.271 ServerApp] 500 GET /api/nbconvert?1743012069884 (03544065b2cd4fdc9f7f310cf379a8ef@::1) 384.16ms referer=http://localhost:8888/tree
[I 2025-03-26 23:31:10.277 ServerApp] Kernel started: 4ac93ca1-00a2-439f-888c-77129f1e5b15
[I 2025-03-26 23:31:10.793 ServerApp] Connecting to kernel 4ac93ca1-00a2-439f-888c-77129f1e5b15.
[I 2025-03-26 23:31:10.793 ServerApp] Connecting to kernel 4ac93ca1-00a2-439f-888c-77129f1e5b15.
[I 2025-03-26 23:31:10.794 ServerApp] Connecting to kernel 4ac93ca1-00a2-439f-888c-77129f1e5b15.
[I 2025-03-26 23:31:13.445 ServerApp] Connecting to kernel 4ac93ca1-00a2-439f-888c-77129f1e5b15.
[E 2025-03-26 23:31:13.621 ServerApp] Uncaught exception GET /api/nbconvert?1743012073516 (::1)
    HTTPServerRequest(protocol='http', host='localhost:8888', method='GET', uri='/api/nbconvert?1743012073516', version='HTTP/1.1', remote_ip='::1')
    Traceback (most recent call last):
      File "/Users/shyamgupta/Documents/uohvenv/lib/python3.12/site-packages/tornado/web.py", line 1790, in _execute
        result = await result
                 ^^^^^^^^^^^^
      File "/Users/shyamgupta/Documents/uohvenv/lib/python3.12/site-packages/jupyter_server/auth/decorator.py", line 73, in inner
        return await out
               ^^^^^^^^^
      File "/Users/shyamgupta/Documents/uohvenv/lib/python3.12/site-packages/jupyter_server/services/nbconvert/handlers.py", line 41, in get
        exporters = await run_sync(base.get_export_names)
                    ^^^^^^^^^^^^^^^^^^^^^^^^^^^^^^^^^^^^^
      File "/Users/shyamgupta/Documents/uohvenv/lib/python3.12/site-packages/anyio/to_thread.py", line 56, in run_sync
        return await get_async_backend().run_sync_in_worker_thread(
               ^^^^^^^^^^^^^^^^^^^^^^^^^^^^^^^^^^^^^^^^^^^^^^^^^^^^
      File "/Users/shyamgupta/Documents/uohvenv/lib/python3.12/site-packages/anyio/_backends/_asyncio.py", line 2177, in run_sync_in_worker_thread
        return await future
               ^^^^^^^^^^^^
      File "/Users/shyamgupta/Documents/uohvenv/lib/python3.12/site-packages/anyio/_backends/_asyncio.py", line 859, in run
        result = context.run(func, *args)
                 ^^^^^^^^^^^^^^^^^^^^^^^^
      File "/Users/shyamgupta/Documents/uohvenv/lib/python3.12/site-packages/nbconvert/exporters/base.py", line 145, in get_export_names
        e = get_exporter(exporter_name)(config=config)
            ^^^^^^^^^^^^^^^^^^^^^^^^^^^
      File "/Users/shyamgupta/Documents/uohvenv/lib/python3.12/site-packages/nbconvert/exporters/base.py", line 106, in get_exporter
        exporter = items[0].load()
                   ^^^^^^^^^^^^^^^
      File "/opt/homebrew/Cellar/python@3.12/3.12.8/Frameworks/Python.framework/Versions/3.12/lib/python3.12/importlib/metadata/__init__.py", line 205, in load
        module = import_module(match.group('module'))
                 ^^^^^^^^^^^^^^^^^^^^^^^^^^^^^^^^^^^^
      File "/opt/homebrew/Cellar/python@3.12/3.12.8/Frameworks/Python.framework/Versions/3.12/lib/python3.12/importlib/__init__.py", line 90, in import_module
        return _bootstrap._gcd_import(name[level:], package, level)
               ^^^^^^^^^^^^^^^^^^^^^^^^^^^^^^^^^^^^^^^^^^^^^^^^^^^^
      File "<frozen importlib._bootstrap>", line 1387, in _gcd_import
      File "<frozen importlib._bootstrap>", line 1360, in _find_and_load
      File "<frozen importlib._bootstrap>", line 1310, in _find_and_load_unlocked
      File "<frozen importlib._bootstrap>", line 488, in _call_with_frames_removed
      File "<frozen importlib._bootstrap>", line 1387, in _gcd_import
      File "<frozen importlib._bootstrap>", line 1360, in _find_and_load
      File "<frozen importlib._bootstrap>", line 1331, in _find_and_load_unlocked
      File "<frozen importlib._bootstrap>", line 935, in _load_unlocked
      File "<frozen importlib._bootstrap_external>", line 999, in exec_module
      File "<frozen importlib._bootstrap>", line 488, in _call_with_frames_removed
      File "/Users/shyamgupta/jupyter_contrib_nbextensions/src/jupyter_contrib_nbextensions/nbconvert_support/__init__.py", line 5, in <module>
        from .collapsible_headings import ExporterCollapsibleHeadings
      File "/Users/shyamgupta/jupyter_contrib_nbextensions/src/jupyter_contrib_nbextensions/nbconvert_support/collapsible_headings.py", line 6, in <module>
        from notebook.services.config import ConfigManager
    ModuleNotFoundError: No module named 'notebook.services'
[W 2025-03-26 23:31:13.623 ServerApp] wrote error: 'Unhandled error'
    Traceback (most recent call last):
      File "/Users/shyamgupta/Documents/uohvenv/lib/python3.12/site-packages/tornado/web.py", line 1790, in _execute
        result = await result
                 ^^^^^^^^^^^^
      File "/Users/shyamgupta/Documents/uohvenv/lib/python3.12/site-packages/jupyter_server/auth/decorator.py", line 73, in inner
        return await out
               ^^^^^^^^^
      File "/Users/shyamgupta/Documents/uohvenv/lib/python3.12/site-packages/jupyter_server/services/nbconvert/handlers.py", line 41, in get
        exporters = await run_sync(base.get_export_names)
                    ^^^^^^^^^^^^^^^^^^^^^^^^^^^^^^^^^^^^^
      File "/Users/shyamgupta/Documents/uohvenv/lib/python3.12/site-packages/anyio/to_thread.py", line 56, in run_sync
        return await get_async_backend().run_sync_in_worker_thread(
               ^^^^^^^^^^^^^^^^^^^^^^^^^^^^^^^^^^^^^^^^^^^^^^^^^^^^
      File "/Users/shyamgupta/Documents/uohvenv/lib/python3.12/site-packages/anyio/_backends/_asyncio.py", line 2177, in run_sync_in_worker_thread
        return await future
               ^^^^^^^^^^^^
      File "/Users/shyamgupta/Documents/uohvenv/lib/python3.12/site-packages/anyio/_backends/_asyncio.py", line 859, in run
        result = context.run(func, *args)
                 ^^^^^^^^^^^^^^^^^^^^^^^^
      File "/Users/shyamgupta/Documents/uohvenv/lib/python3.12/site-packages/nbconvert/exporters/base.py", line 145, in get_export_names
        e = get_exporter(exporter_name)(config=config)
            ^^^^^^^^^^^^^^^^^^^^^^^^^^^
      File "/Users/shyamgupta/Documents/uohvenv/lib/python3.12/site-packages/nbconvert/exporters/base.py", line 106, in get_exporter
        exporter = items[0].load()
                   ^^^^^^^^^^^^^^^
      File "/opt/homebrew/Cellar/python@3.12/3.12.8/Frameworks/Python.framework/Versions/3.12/lib/python3.12/importlib/metadata/__init__.py", line 205, in load
        module = import_module(match.group('module'))
                 ^^^^^^^^^^^^^^^^^^^^^^^^^^^^^^^^^^^^
      File "/opt/homebrew/Cellar/python@3.12/3.12.8/Frameworks/Python.framework/Versions/3.12/lib/python3.12/importlib/__init__.py", line 90, in import_module
        return _bootstrap._gcd_import(name[level:], package, level)
               ^^^^^^^^^^^^^^^^^^^^^^^^^^^^^^^^^^^^^^^^^^^^^^^^^^^^
      File "<frozen importlib._bootstrap>", line 1387, in _gcd_import
      File "<frozen importlib._bootstrap>", line 1360, in _find_and_load
      File "<frozen importlib._bootstrap>", line 1310, in _find_and_load_unlocked
      File "<frozen importlib._bootstrap>", line 488, in _call_with_frames_removed
      File "<frozen importlib._bootstrap>", line 1387, in _gcd_import
      File "<frozen importlib._bootstrap>", line 1360, in _find_and_load
      File "<frozen importlib._bootstrap>", line 1331, in _find_and_load_unlocked
      File "<frozen importlib._bootstrap>", line 935, in _load_unlocked
      File "<frozen importlib._bootstrap_external>", line 999, in exec_module
      File "<frozen importlib._bootstrap>", line 488, in _call_with_frames_removed
      File "/Users/shyamgupta/jupyter_contrib_nbextensions/src/jupyter_contrib_nbextensions/nbconvert_support/__init__.py", line 5, in <module>
        from .collapsible_headings import ExporterCollapsibleHeadings
      File "/Users/shyamgupta/jupyter_contrib_nbextensions/src/jupyter_contrib_nbextensions/nbconvert_support/collapsible_headings.py", line 6, in <module>
        from notebook.services.config import ConfigManager
    ModuleNotFoundError: No module named 'notebook.services'
[E 2025-03-26 23:31:13.623 ServerApp] {
      "Host": "localhost:8888",
      "Accept": "*/*",
      "Referer": "http://localhost:8888/notebooks/Untitled.ipynb",
      "User-Agent": "Mozilla/5.0 (Macintosh; Intel Mac OS X 10_15_7) AppleWebKit/605.1.15 (KHTML, like Gecko) Version/18.3.1 Safari/605.1.15"
    }
[E 2025-03-26 23:31:13.623 ServerApp] 500 GET /api/nbconvert?1743012073516 (03544065b2cd4fdc9f7f310cf379a8ef@::1) 105.70ms referer=http://localhost:8888/notebooks/Untitled.ipynb
[I 2025-03-26 23:31:13.675 ServerApp] Connecting to kernel 4ac93ca1-00a2-439f-888c-77129f1e5b15.
[I 2025-03-26 23:31:29.195 ServerApp] Saving file at /Univariate Analysis.ipynb
[I 2025-03-26 23:33:29.233 ServerApp] Saving file at /Univariate Analysis.ipynb
[I 2025-03-26 23:35:29.266 ServerApp] Saving file at /Univariate Analysis.ipynb
Traceback (most recent call last):
  File "/Users/shyamgupta/Documents/uohvenv/lib/python3.12/site-packages/jedi/cache.py", line 109, in wrapper
    return dct[key]
           ~~~^^^^^
KeyError: ((), frozenset())

During handling of the above exception, another exception occurred:

Traceback (most recent call last):
  File "/Users/shyamgupta/Documents/uohvenv/lib/python3.12/site-packages/parso/grammar.py", line 246, in load_grammar
    return _loaded_grammars[path]
           ~~~~~~~~~~~~~~~~^^^^^^
KeyError: '/Users/shyamgupta/Documents/uohvenv/lib/python3.12/site-packages/parso/python/grammar312.txt'

During handling of the above exception, another exception occurred:

Traceback (most recent call last):
  File "/Users/shyamgupta/Documents/uohvenv/lib/python3.12/site-packages/parso/grammar.py", line 249, in load_grammar
    with open(path) as f:
         ^^^^^^^^^^
FileNotFoundError: [Errno 2] No such file or directory: '/Users/shyamgupta/Documents/uohvenv/lib/python3.12/site-packages/parso/python/grammar312.txt'

During handling of the above exception, another exception occurred:

Traceback (most recent call last):
  File "/Users/shyamgupta/Documents/uohvenv/lib/python3.12/site-packages/IPython/core/completer.py", line 3171, in _complete
    result = matcher(context)
             ^^^^^^^^^^^^^^^^
  File "/Users/shyamgupta/Documents/uohvenv/lib/python3.12/site-packages/IPython/core/completer.py", line 2224, in _jedi_matcher
    matches = self._jedi_matches(
              ^^^^^^^^^^^^^^^^^^^
  File "/Users/shyamgupta/Documents/uohvenv/lib/python3.12/site-packages/IPython/core/completer.py", line 2278, in _jedi_matches
    interpreter = jedi.Interpreter(text[:offset], namespaces)
                  ^^^^^^^^^^^^^^^^^^^^^^^^^^^^^^^^^^^^^^^^^^^
  File "/Users/shyamgupta/Documents/uohvenv/lib/python3.12/site-packages/jedi/api/__init__.py", line 858, in __init__
    super(Interpreter, self).__init__(code, environment=environment,
  File "/Users/shyamgupta/Documents/uohvenv/lib/python3.12/site-packages/jedi/api/__init__.py", line 184, in __init__
    self._inference_state = InferenceState(
                            ^^^^^^^^^^^^^^^
  File "/Users/shyamgupta/Documents/uohvenv/lib/python3.12/site-packages/jedi/inference/__init__.py", line 91, in __init__
    self.grammar = environment.get_grammar()
                   ^^^^^^^^^^^^^^^^^^^^^^^^^
  File "/Users/shyamgupta/Documents/uohvenv/lib/python3.12/site-packages/jedi/cache.py", line 111, in wrapper
    result = method(self, *args, **kwargs)
             ^^^^^^^^^^^^^^^^^^^^^^^^^^^^^
  File "/Users/shyamgupta/Documents/uohvenv/lib/python3.12/site-packages/jedi/api/environment.py", line 37, in get_grammar
    return parso.load_grammar(version=version_string)
           ^^^^^^^^^^^^^^^^^^^^^^^^^^^^^^^^^^^^^^^^^^
  File "/Users/shyamgupta/Documents/uohvenv/lib/python3.12/site-packages/parso/grammar.py", line 260, in load_grammar
    return load_grammar(**kwargs)
           ^^^^^^^^^^^^^^^^^^^^^^
  File "/Users/shyamgupta/Documents/uohvenv/lib/python3.12/site-packages/parso/grammar.py", line 256, in load_grammar
    raise NotImplementedError(message)
NotImplementedError: Python version 3.12 is currently not supported.
[I 2025-03-26 23:37:29.295 ServerApp] Saving file at /Univariate Analysis.ipynb
Traceback (most recent call last):
  File "/Users/shyamgupta/Documents/uohvenv/lib/python3.12/site-packages/jedi/cache.py", line 109, in wrapper
    return dct[key]
           ~~~^^^^^
KeyError: ((), frozenset())

During handling of the above exception, another exception occurred:

Traceback (most recent call last):
  File "/Users/shyamgupta/Documents/uohvenv/lib/python3.12/site-packages/parso/grammar.py", line 246, in load_grammar
    return _loaded_grammars[path]
           ~~~~~~~~~~~~~~~~^^^^^^
KeyError: '/Users/shyamgupta/Documents/uohvenv/lib/python3.12/site-packages/parso/python/grammar312.txt'

During handling of the above exception, another exception occurred:

Traceback (most recent call last):
  File "/Users/shyamgupta/Documents/uohvenv/lib/python3.12/site-packages/parso/grammar.py", line 249, in load_grammar
    with open(path) as f:
         ^^^^^^^^^^
FileNotFoundError: [Errno 2] No such file or directory: '/Users/shyamgupta/Documents/uohvenv/lib/python3.12/site-packages/parso/python/grammar312.txt'

During handling of the above exception, another exception occurred:

Traceback (most recent call last):
  File "/Users/shyamgupta/Documents/uohvenv/lib/python3.12/site-packages/IPython/core/completer.py", line 3171, in _complete
    result = matcher(context)
             ^^^^^^^^^^^^^^^^
  File "/Users/shyamgupta/Documents/uohvenv/lib/python3.12/site-packages/IPython/core/completer.py", line 2224, in _jedi_matcher
    matches = self._jedi_matches(
              ^^^^^^^^^^^^^^^^^^^
  File "/Users/shyamgupta/Documents/uohvenv/lib/python3.12/site-packages/IPython/core/completer.py", line 2278, in _jedi_matches
    interpreter = jedi.Interpreter(text[:offset], namespaces)
                  ^^^^^^^^^^^^^^^^^^^^^^^^^^^^^^^^^^^^^^^^^^^
  File "/Users/shyamgupta/Documents/uohvenv/lib/python3.12/site-packages/jedi/api/__init__.py", line 858, in __init__
    super(Interpreter, self).__init__(code, environment=environment,
  File "/Users/shyamgupta/Documents/uohvenv/lib/python3.12/site-packages/jedi/api/__init__.py", line 184, in __init__
    self._inference_state = InferenceState(
                            ^^^^^^^^^^^^^^^
  File "/Users/shyamgupta/Documents/uohvenv/lib/python3.12/site-packages/jedi/inference/__init__.py", line 91, in __init__
    self.grammar = environment.get_grammar()
                   ^^^^^^^^^^^^^^^^^^^^^^^^^
  File "/Users/shyamgupta/Documents/uohvenv/lib/python3.12/site-packages/jedi/cache.py", line 111, in wrapper
    result = method(self, *args, **kwargs)
             ^^^^^^^^^^^^^^^^^^^^^^^^^^^^^
  File "/Users/shyamgupta/Documents/uohvenv/lib/python3.12/site-packages/jedi/api/environment.py", line 37, in get_grammar
    return parso.load_grammar(version=version_string)
           ^^^^^^^^^^^^^^^^^^^^^^^^^^^^^^^^^^^^^^^^^^
  File "/Users/shyamgupta/Documents/uohvenv/lib/python3.12/site-packages/parso/grammar.py", line 260, in load_grammar
    return load_grammar(**kwargs)
           ^^^^^^^^^^^^^^^^^^^^^^
  File "/Users/shyamgupta/Documents/uohvenv/lib/python3.12/site-packages/parso/grammar.py", line 256, in load_grammar
    raise NotImplementedError(message)
NotImplementedError: Python version 3.12 is currently not supported.
Traceback (most recent call last):
  File "/Users/shyamgupta/Documents/uohvenv/lib/python3.12/site-packages/jedi/cache.py", line 109, in wrapper
    return dct[key]
           ~~~^^^^^
KeyError: ((), frozenset())

During handling of the above exception, another exception occurred:

Traceback (most recent call last):
  File "/Users/shyamgupta/Documents/uohvenv/lib/python3.12/site-packages/parso/grammar.py", line 246, in load_grammar
    return _loaded_grammars[path]
           ~~~~~~~~~~~~~~~~^^^^^^
KeyError: '/Users/shyamgupta/Documents/uohvenv/lib/python3.12/site-packages/parso/python/grammar312.txt'

During handling of the above exception, another exception occurred:

Traceback (most recent call last):
  File "/Users/shyamgupta/Documents/uohvenv/lib/python3.12/site-packages/parso/grammar.py", line 249, in load_grammar
    with open(path) as f:
         ^^^^^^^^^^
FileNotFoundError: [Errno 2] No such file or directory: '/Users/shyamgupta/Documents/uohvenv/lib/python3.12/site-packages/parso/python/grammar312.txt'

During handling of the above exception, another exception occurred:

Traceback (most recent call last):
  File "/Users/shyamgupta/Documents/uohvenv/lib/python3.12/site-packages/IPython/core/completer.py", line 3171, in _complete
    result = matcher(context)
             ^^^^^^^^^^^^^^^^
  File "/Users/shyamgupta/Documents/uohvenv/lib/python3.12/site-packages/IPython/core/completer.py", line 2224, in _jedi_matcher
    matches = self._jedi_matches(
              ^^^^^^^^^^^^^^^^^^^
  File "/Users/shyamgupta/Documents/uohvenv/lib/python3.12/site-packages/IPython/core/completer.py", line 2278, in _jedi_matches
    interpreter = jedi.Interpreter(text[:offset], namespaces)
                  ^^^^^^^^^^^^^^^^^^^^^^^^^^^^^^^^^^^^^^^^^^^
  File "/Users/shyamgupta/Documents/uohvenv/lib/python3.12/site-packages/jedi/api/__init__.py", line 858, in __init__
    super(Interpreter, self).__init__(code, environment=environment,
  File "/Users/shyamgupta/Documents/uohvenv/lib/python3.12/site-packages/jedi/api/__init__.py", line 184, in __init__
    self._inference_state = InferenceState(
                            ^^^^^^^^^^^^^^^
  File "/Users/shyamgupta/Documents/uohvenv/lib/python3.12/site-packages/jedi/inference/__init__.py", line 91, in __init__
    self.grammar = environment.get_grammar()
                   ^^^^^^^^^^^^^^^^^^^^^^^^^
  File "/Users/shyamgupta/Documents/uohvenv/lib/python3.12/site-packages/jedi/cache.py", line 111, in wrapper
    result = method(self, *args, **kwargs)
             ^^^^^^^^^^^^^^^^^^^^^^^^^^^^^
  File "/Users/shyamgupta/Documents/uohvenv/lib/python3.12/site-packages/jedi/api/environment.py", line 37, in get_grammar
    return parso.load_grammar(version=version_string)
           ^^^^^^^^^^^^^^^^^^^^^^^^^^^^^^^^^^^^^^^^^^
  File "/Users/shyamgupta/Documents/uohvenv/lib/python3.12/site-packages/parso/grammar.py", line 260, in load_grammar
    return load_grammar(**kwargs)
           ^^^^^^^^^^^^^^^^^^^^^^
  File "/Users/shyamgupta/Documents/uohvenv/lib/python3.12/site-packages/parso/grammar.py", line 256, in load_grammar
    raise NotImplementedError(message)
NotImplementedError: Python version 3.12 is currently not supported.
[I 2025-03-26 23:38:18.257 ServerApp] Saving file at /Univariate Analysis.ipynb
[I 2025-03-26 23:40:18.298 ServerApp] Saving file at /Univariate Analysis.ipynb
[W 2025-03-26 23:42:10.647 ServerApp] 404 GET /files/img/boxplot.png?_xsrf=[secret]&1743012730614 (03544065b2cd4fdc9f7f310cf379a8ef@::1) 22.63ms referer=http://localhost:8888/notebooks/Univariate%20Analysis.ipynb
[I 2025-03-26 23:42:18.344 ServerApp] Saving file at /Univariate Analysis.ipynb
[W 2025-03-26 23:42:22.783 ServerApp] 404 GET /files/img/boxplot.png?_xsrf=[secret]&1743012742780 (03544065b2cd4fdc9f7f310cf379a8ef@::1) 1.44ms referer=http://localhost:8888/notebooks/Univariate%20Analysis.ipynb
[I 2025-03-26 23:42:59.607 ServerApp] Saving file at /Univariate Analysis.ipynb
Traceback (most recent call last):
  File "/Users/shyamgupta/Documents/uohvenv/lib/python3.12/site-packages/jedi/cache.py", line 109, in wrapper
    return dct[key]
           ~~~^^^^^
KeyError: ((), frozenset())

During handling of the above exception, another exception occurred:

Traceback (most recent call last):
  File "/Users/shyamgupta/Documents/uohvenv/lib/python3.12/site-packages/parso/grammar.py", line 246, in load_grammar
    return _loaded_grammars[path]
           ~~~~~~~~~~~~~~~~^^^^^^
KeyError: '/Users/shyamgupta/Documents/uohvenv/lib/python3.12/site-packages/parso/python/grammar312.txt'

During handling of the above exception, another exception occurred:

Traceback (most recent call last):
  File "/Users/shyamgupta/Documents/uohvenv/lib/python3.12/site-packages/parso/grammar.py", line 249, in load_grammar
    with open(path) as f:
         ^^^^^^^^^^
FileNotFoundError: [Errno 2] No such file or directory: '/Users/shyamgupta/Documents/uohvenv/lib/python3.12/site-packages/parso/python/grammar312.txt'

During handling of the above exception, another exception occurred:

Traceback (most recent call last):
  File "/Users/shyamgupta/Documents/uohvenv/lib/python3.12/site-packages/IPython/core/completer.py", line 3171, in _complete
    result = matcher(context)
             ^^^^^^^^^^^^^^^^
  File "/Users/shyamgupta/Documents/uohvenv/lib/python3.12/site-packages/IPython/core/completer.py", line 2224, in _jedi_matcher
    matches = self._jedi_matches(
              ^^^^^^^^^^^^^^^^^^^
  File "/Users/shyamgupta/Documents/uohvenv/lib/python3.12/site-packages/IPython/core/completer.py", line 2278, in _jedi_matches
    interpreter = jedi.Interpreter(text[:offset], namespaces)
                  ^^^^^^^^^^^^^^^^^^^^^^^^^^^^^^^^^^^^^^^^^^^
  File "/Users/shyamgupta/Documents/uohvenv/lib/python3.12/site-packages/jedi/api/__init__.py", line 858, in __init__
    super(Interpreter, self).__init__(code, environment=environment,
  File "/Users/shyamgupta/Documents/uohvenv/lib/python3.12/site-packages/jedi/api/__init__.py", line 184, in __init__
    self._inference_state = InferenceState(
                            ^^^^^^^^^^^^^^^
  File "/Users/shyamgupta/Documents/uohvenv/lib/python3.12/site-packages/jedi/inference/__init__.py", line 91, in __init__
    self.grammar = environment.get_grammar()
                   ^^^^^^^^^^^^^^^^^^^^^^^^^
  File "/Users/shyamgupta/Documents/uohvenv/lib/python3.12/site-packages/jedi/cache.py", line 111, in wrapper
    result = method(self, *args, **kwargs)
             ^^^^^^^^^^^^^^^^^^^^^^^^^^^^^
  File "/Users/shyamgupta/Documents/uohvenv/lib/python3.12/site-packages/jedi/api/environment.py", line 37, in get_grammar
    return parso.load_grammar(version=version_string)
           ^^^^^^^^^^^^^^^^^^^^^^^^^^^^^^^^^^^^^^^^^^
  File "/Users/shyamgupta/Documents/uohvenv/lib/python3.12/site-packages/parso/grammar.py", line 260, in load_grammar
    return load_grammar(**kwargs)
           ^^^^^^^^^^^^^^^^^^^^^^
  File "/Users/shyamgupta/Documents/uohvenv/lib/python3.12/site-packages/parso/grammar.py", line 256, in load_grammar
    raise NotImplementedError(message)
NotImplementedError: Python version 3.12 is currently not supported.
Traceback (most recent call last):
  File "/Users/shyamgupta/Documents/uohvenv/lib/python3.12/site-packages/jedi/cache.py", line 109, in wrapper
    return dct[key]
           ~~~^^^^^
KeyError: ((), frozenset())

During handling of the above exception, another exception occurred:

Traceback (most recent call last):
  File "/Users/shyamgupta/Documents/uohvenv/lib/python3.12/site-packages/parso/grammar.py", line 246, in load_grammar
    return _loaded_grammars[path]
           ~~~~~~~~~~~~~~~~^^^^^^
KeyError: '/Users/shyamgupta/Documents/uohvenv/lib/python3.12/site-packages/parso/python/grammar312.txt'

During handling of the above exception, another exception occurred:

Traceback (most recent call last):
  File "/Users/shyamgupta/Documents/uohvenv/lib/python3.12/site-packages/parso/grammar.py", line 249, in load_grammar
    with open(path) as f:
         ^^^^^^^^^^
FileNotFoundError: [Errno 2] No such file or directory: '/Users/shyamgupta/Documents/uohvenv/lib/python3.12/site-packages/parso/python/grammar312.txt'

During handling of the above exception, another exception occurred:

Traceback (most recent call last):
  File "/Users/shyamgupta/Documents/uohvenv/lib/python3.12/site-packages/IPython/core/completer.py", line 3171, in _complete
    result = matcher(context)
             ^^^^^^^^^^^^^^^^
  File "/Users/shyamgupta/Documents/uohvenv/lib/python3.12/site-packages/IPython/core/completer.py", line 2224, in _jedi_matcher
    matches = self._jedi_matches(
              ^^^^^^^^^^^^^^^^^^^
  File "/Users/shyamgupta/Documents/uohvenv/lib/python3.12/site-packages/IPython/core/completer.py", line 2278, in _jedi_matches
    interpreter = jedi.Interpreter(text[:offset], namespaces)
                  ^^^^^^^^^^^^^^^^^^^^^^^^^^^^^^^^^^^^^^^^^^^
  File "/Users/shyamgupta/Documents/uohvenv/lib/python3.12/site-packages/jedi/api/__init__.py", line 858, in __init__
    super(Interpreter, self).__init__(code, environment=environment,
  File "/Users/shyamgupta/Documents/uohvenv/lib/python3.12/site-packages/jedi/api/__init__.py", line 184, in __init__
    self._inference_state = InferenceState(
                            ^^^^^^^^^^^^^^^
  File "/Users/shyamgupta/Documents/uohvenv/lib/python3.12/site-packages/jedi/inference/__init__.py", line 91, in __init__
    self.grammar = environment.get_grammar()
                   ^^^^^^^^^^^^^^^^^^^^^^^^^
  File "/Users/shyamgupta/Documents/uohvenv/lib/python3.12/site-packages/jedi/cache.py", line 111, in wrapper
    result = method(self, *args, **kwargs)
             ^^^^^^^^^^^^^^^^^^^^^^^^^^^^^
  File "/Users/shyamgupta/Documents/uohvenv/lib/python3.12/site-packages/jedi/api/environment.py", line 37, in get_grammar
    return parso.load_grammar(version=version_string)
           ^^^^^^^^^^^^^^^^^^^^^^^^^^^^^^^^^^^^^^^^^^
  File "/Users/shyamgupta/Documents/uohvenv/lib/python3.12/site-packages/parso/grammar.py", line 260, in load_grammar
    return load_grammar(**kwargs)
           ^^^^^^^^^^^^^^^^^^^^^^
  File "/Users/shyamgupta/Documents/uohvenv/lib/python3.12/site-packages/parso/grammar.py", line 256, in load_grammar
    raise NotImplementedError(message)
NotImplementedError: Python version 3.12 is currently not supported.
[I 2025-03-26 23:44:03.300 ServerApp] Saving file at /Univariate Analysis.ipynb
[I 2025-03-26 23:44:59.219 ServerApp] Saving file at /Univariate Analysis.ipynb
[I 2025-03-26 23:45:12.766 ServerApp] Creating new notebook in 
[I 2025-03-26 23:45:12.841 ServerApp] Saving file at /Untitled.ipynb
[I 2025-03-26 23:45:12.869 ServerApp] Kernel started: 146677de-4b31-4116-9d7a-e6b48dc18e95
[I 2025-03-26 23:45:13.267 ServerApp] Connecting to kernel 4ac93ca1-00a2-439f-888c-77129f1e5b15.
[E 2025-03-26 23:45:13.492 ServerApp] Uncaught exception GET /api/nbconvert?1743012913351 (::1)
    HTTPServerRequest(protocol='http', host='localhost:8888', method='GET', uri='/api/nbconvert?1743012913351', version='HTTP/1.1', remote_ip='::1')
    Traceback (most recent call last):
      File "/Users/shyamgupta/Documents/uohvenv/lib/python3.12/site-packages/tornado/web.py", line 1790, in _execute
        result = await result
                 ^^^^^^^^^^^^
      File "/Users/shyamgupta/Documents/uohvenv/lib/python3.12/site-packages/jupyter_server/auth/decorator.py", line 73, in inner
        return await out
               ^^^^^^^^^
      File "/Users/shyamgupta/Documents/uohvenv/lib/python3.12/site-packages/jupyter_server/services/nbconvert/handlers.py", line 41, in get
        exporters = await run_sync(base.get_export_names)
                    ^^^^^^^^^^^^^^^^^^^^^^^^^^^^^^^^^^^^^
      File "/Users/shyamgupta/Documents/uohvenv/lib/python3.12/site-packages/anyio/to_thread.py", line 56, in run_sync
        return await get_async_backend().run_sync_in_worker_thread(
               ^^^^^^^^^^^^^^^^^^^^^^^^^^^^^^^^^^^^^^^^^^^^^^^^^^^^
      File "/Users/shyamgupta/Documents/uohvenv/lib/python3.12/site-packages/anyio/_backends/_asyncio.py", line 2177, in run_sync_in_worker_thread
        return await future
               ^^^^^^^^^^^^
      File "/Users/shyamgupta/Documents/uohvenv/lib/python3.12/site-packages/anyio/_backends/_asyncio.py", line 859, in run
        result = context.run(func, *args)
                 ^^^^^^^^^^^^^^^^^^^^^^^^
      File "/Users/shyamgupta/Documents/uohvenv/lib/python3.12/site-packages/nbconvert/exporters/base.py", line 145, in get_export_names
        e = get_exporter(exporter_name)(config=config)
            ^^^^^^^^^^^^^^^^^^^^^^^^^^^
      File "/Users/shyamgupta/Documents/uohvenv/lib/python3.12/site-packages/nbconvert/exporters/base.py", line 106, in get_exporter
        exporter = items[0].load()
                   ^^^^^^^^^^^^^^^
      File "/opt/homebrew/Cellar/python@3.12/3.12.8/Frameworks/Python.framework/Versions/3.12/lib/python3.12/importlib/metadata/__init__.py", line 205, in load
        module = import_module(match.group('module'))
                 ^^^^^^^^^^^^^^^^^^^^^^^^^^^^^^^^^^^^
      File "/opt/homebrew/Cellar/python@3.12/3.12.8/Frameworks/Python.framework/Versions/3.12/lib/python3.12/importlib/__init__.py", line 90, in import_module
        return _bootstrap._gcd_import(name[level:], package, level)
               ^^^^^^^^^^^^^^^^^^^^^^^^^^^^^^^^^^^^^^^^^^^^^^^^^^^^
      File "<frozen importlib._bootstrap>", line 1387, in _gcd_import
      File "<frozen importlib._bootstrap>", line 1360, in _find_and_load
      File "<frozen importlib._bootstrap>", line 1310, in _find_and_load_unlocked
      File "<frozen importlib._bootstrap>", line 488, in _call_with_frames_removed
      File "<frozen importlib._bootstrap>", line 1387, in _gcd_import
      File "<frozen importlib._bootstrap>", line 1360, in _find_and_load
      File "<frozen importlib._bootstrap>", line 1331, in _find_and_load_unlocked
      File "<frozen importlib._bootstrap>", line 935, in _load_unlocked
      File "<frozen importlib._bootstrap_external>", line 999, in exec_module
      File "<frozen importlib._bootstrap>", line 488, in _call_with_frames_removed
      File "/Users/shyamgupta/jupyter_contrib_nbextensions/src/jupyter_contrib_nbextensions/nbconvert_support/__init__.py", line 5, in <module>
        from .collapsible_headings import ExporterCollapsibleHeadings
      File "/Users/shyamgupta/jupyter_contrib_nbextensions/src/jupyter_contrib_nbextensions/nbconvert_support/collapsible_headings.py", line 6, in <module>
        from notebook.services.config import ConfigManager
    ModuleNotFoundError: No module named 'notebook.services'
[W 2025-03-26 23:45:13.493 ServerApp] wrote error: 'Unhandled error'
    Traceback (most recent call last):
      File "/Users/shyamgupta/Documents/uohvenv/lib/python3.12/site-packages/tornado/web.py", line 1790, in _execute
        result = await result
                 ^^^^^^^^^^^^
      File "/Users/shyamgupta/Documents/uohvenv/lib/python3.12/site-packages/jupyter_server/auth/decorator.py", line 73, in inner
        return await out
               ^^^^^^^^^
      File "/Users/shyamgupta/Documents/uohvenv/lib/python3.12/site-packages/jupyter_server/services/nbconvert/handlers.py", line 41, in get
        exporters = await run_sync(base.get_export_names)
                    ^^^^^^^^^^^^^^^^^^^^^^^^^^^^^^^^^^^^^
      File "/Users/shyamgupta/Documents/uohvenv/lib/python3.12/site-packages/anyio/to_thread.py", line 56, in run_sync
        return await get_async_backend().run_sync_in_worker_thread(
               ^^^^^^^^^^^^^^^^^^^^^^^^^^^^^^^^^^^^^^^^^^^^^^^^^^^^
      File "/Users/shyamgupta/Documents/uohvenv/lib/python3.12/site-packages/anyio/_backends/_asyncio.py", line 2177, in run_sync_in_worker_thread
        return await future
               ^^^^^^^^^^^^
      File "/Users/shyamgupta/Documents/uohvenv/lib/python3.12/site-packages/anyio/_backends/_asyncio.py", line 859, in run
        result = context.run(func, *args)
                 ^^^^^^^^^^^^^^^^^^^^^^^^
      File "/Users/shyamgupta/Documents/uohvenv/lib/python3.12/site-packages/nbconvert/exporters/base.py", line 145, in get_export_names
        e = get_exporter(exporter_name)(config=config)
            ^^^^^^^^^^^^^^^^^^^^^^^^^^^
      File "/Users/shyamgupta/Documents/uohvenv/lib/python3.12/site-packages/nbconvert/exporters/base.py", line 106, in get_exporter
        exporter = items[0].load()
                   ^^^^^^^^^^^^^^^
      File "/opt/homebrew/Cellar/python@3.12/3.12.8/Frameworks/Python.framework/Versions/3.12/lib/python3.12/importlib/metadata/__init__.py", line 205, in load
        module = import_module(match.group('module'))
                 ^^^^^^^^^^^^^^^^^^^^^^^^^^^^^^^^^^^^
      File "/opt/homebrew/Cellar/python@3.12/3.12.8/Frameworks/Python.framework/Versions/3.12/lib/python3.12/importlib/__init__.py", line 90, in import_module
        return _bootstrap._gcd_import(name[level:], package, level)
               ^^^^^^^^^^^^^^^^^^^^^^^^^^^^^^^^^^^^^^^^^^^^^^^^^^^^
      File "<frozen importlib._bootstrap>", line 1387, in _gcd_import
      File "<frozen importlib._bootstrap>", line 1360, in _find_and_load
      File "<frozen importlib._bootstrap>", line 1310, in _find_and_load_unlocked
      File "<frozen importlib._bootstrap>", line 488, in _call_with_frames_removed
      File "<frozen importlib._bootstrap>", line 1387, in _gcd_import
      File "<frozen importlib._bootstrap>", line 1360, in _find_and_load
      File "<frozen importlib._bootstrap>", line 1331, in _find_and_load_unlocked
      File "<frozen importlib._bootstrap>", line 935, in _load_unlocked
      File "<frozen importlib._bootstrap_external>", line 999, in exec_module
      File "<frozen importlib._bootstrap>", line 488, in _call_with_frames_removed
      File "/Users/shyamgupta/jupyter_contrib_nbextensions/src/jupyter_contrib_nbextensions/nbconvert_support/__init__.py", line 5, in <module>
        from .collapsible_headings import ExporterCollapsibleHeadings
      File "/Users/shyamgupta/jupyter_contrib_nbextensions/src/jupyter_contrib_nbextensions/nbconvert_support/collapsible_headings.py", line 6, in <module>
        from notebook.services.config import ConfigManager
    ModuleNotFoundError: No module named 'notebook.services'
[E 2025-03-26 23:45:13.494 ServerApp] {
      "Host": "localhost:8888",
      "Accept": "*/*",
      "Referer": "http://localhost:8888/notebooks/Untitled.ipynb",
      "User-Agent": "Mozilla/5.0 (Macintosh; Intel Mac OS X 10_15_7) AppleWebKit/605.1.15 (KHTML, like Gecko) Version/18.3.1 Safari/605.1.15"
    }
[E 2025-03-26 23:45:13.495 ServerApp] 500 GET /api/nbconvert?1743012913351 (03544065b2cd4fdc9f7f310cf379a8ef@::1) 141.89ms referer=http://localhost:8888/notebooks/Untitled.ipynb
[I 2025-03-26 23:45:13.745 ServerApp] Connecting to kernel 146677de-4b31-4116-9d7a-e6b48dc18e95.
[I 2025-03-26 23:45:13.746 ServerApp] Connecting to kernel 146677de-4b31-4116-9d7a-e6b48dc18e95.
[I 2025-03-26 23:45:13.747 ServerApp] Connecting to kernel 146677de-4b31-4116-9d7a-e6b48dc18e95.
[I 2025-03-26 23:47:23.978 ServerApp] Saving file at /Bivariate Analysis.ipynb
[I 2025-03-26 23:47:54.826 ServerApp] Saving file at /Bivariate Analysis.ipynb
Traceback (most recent call last):
  File "/Users/shyamgupta/Documents/uohvenv/lib/python3.12/site-packages/jedi/cache.py", line 109, in wrapper
    return dct[key]
           ~~~^^^^^
KeyError: ((), frozenset())

During handling of the above exception, another exception occurred:

Traceback (most recent call last):
  File "/Users/shyamgupta/Documents/uohvenv/lib/python3.12/site-packages/parso/grammar.py", line 246, in load_grammar
    return _loaded_grammars[path]
           ~~~~~~~~~~~~~~~~^^^^^^
KeyError: '/Users/shyamgupta/Documents/uohvenv/lib/python3.12/site-packages/parso/python/grammar312.txt'

During handling of the above exception, another exception occurred:

Traceback (most recent call last):
  File "/Users/shyamgupta/Documents/uohvenv/lib/python3.12/site-packages/parso/grammar.py", line 249, in load_grammar
    with open(path) as f:
         ^^^^^^^^^^
FileNotFoundError: [Errno 2] No such file or directory: '/Users/shyamgupta/Documents/uohvenv/lib/python3.12/site-packages/parso/python/grammar312.txt'

During handling of the above exception, another exception occurred:

Traceback (most recent call last):
  File "/Users/shyamgupta/Documents/uohvenv/lib/python3.12/site-packages/IPython/core/completer.py", line 3171, in _complete
    result = matcher(context)
             ^^^^^^^^^^^^^^^^
  File "/Users/shyamgupta/Documents/uohvenv/lib/python3.12/site-packages/IPython/core/completer.py", line 2224, in _jedi_matcher
    matches = self._jedi_matches(
              ^^^^^^^^^^^^^^^^^^^
  File "/Users/shyamgupta/Documents/uohvenv/lib/python3.12/site-packages/IPython/core/completer.py", line 2278, in _jedi_matches
    interpreter = jedi.Interpreter(text[:offset], namespaces)
                  ^^^^^^^^^^^^^^^^^^^^^^^^^^^^^^^^^^^^^^^^^^^
  File "/Users/shyamgupta/Documents/uohvenv/lib/python3.12/site-packages/jedi/api/__init__.py", line 858, in __init__
    super(Interpreter, self).__init__(code, environment=environment,
  File "/Users/shyamgupta/Documents/uohvenv/lib/python3.12/site-packages/jedi/api/__init__.py", line 184, in __init__
    self._inference_state = InferenceState(
                            ^^^^^^^^^^^^^^^
  File "/Users/shyamgupta/Documents/uohvenv/lib/python3.12/site-packages/jedi/inference/__init__.py", line 91, in __init__
    self.grammar = environment.get_grammar()
                   ^^^^^^^^^^^^^^^^^^^^^^^^^
  File "/Users/shyamgupta/Documents/uohvenv/lib/python3.12/site-packages/jedi/cache.py", line 111, in wrapper
    result = method(self, *args, **kwargs)
             ^^^^^^^^^^^^^^^^^^^^^^^^^^^^^
  File "/Users/shyamgupta/Documents/uohvenv/lib/python3.12/site-packages/jedi/api/environment.py", line 37, in get_grammar
    return parso.load_grammar(version=version_string)
           ^^^^^^^^^^^^^^^^^^^^^^^^^^^^^^^^^^^^^^^^^^
  File "/Users/shyamgupta/Documents/uohvenv/lib/python3.12/site-packages/parso/grammar.py", line 260, in load_grammar
    return load_grammar(**kwargs)
           ^^^^^^^^^^^^^^^^^^^^^^
  File "/Users/shyamgupta/Documents/uohvenv/lib/python3.12/site-packages/parso/grammar.py", line 256, in load_grammar
    raise NotImplementedError(message)
NotImplementedError: Python version 3.12 is currently not supported.
Traceback (most recent call last):
  File "/Users/shyamgupta/Documents/uohvenv/lib/python3.12/site-packages/jedi/cache.py", line 109, in wrapper
    return dct[key]
           ~~~^^^^^
KeyError: ((), frozenset())

During handling of the above exception, another exception occurred:

Traceback (most recent call last):
  File "/Users/shyamgupta/Documents/uohvenv/lib/python3.12/site-packages/parso/grammar.py", line 246, in load_grammar
    return _loaded_grammars[path]
           ~~~~~~~~~~~~~~~~^^^^^^
KeyError: '/Users/shyamgupta/Documents/uohvenv/lib/python3.12/site-packages/parso/python/grammar312.txt'

During handling of the above exception, another exception occurred:

Traceback (most recent call last):
  File "/Users/shyamgupta/Documents/uohvenv/lib/python3.12/site-packages/parso/grammar.py", line 249, in load_grammar
    with open(path) as f:
         ^^^^^^^^^^
FileNotFoundError: [Errno 2] No such file or directory: '/Users/shyamgupta/Documents/uohvenv/lib/python3.12/site-packages/parso/python/grammar312.txt'

During handling of the above exception, another exception occurred:

Traceback (most recent call last):
  File "/Users/shyamgupta/Documents/uohvenv/lib/python3.12/site-packages/IPython/core/completer.py", line 3171, in _complete
    result = matcher(context)
             ^^^^^^^^^^^^^^^^
  File "/Users/shyamgupta/Documents/uohvenv/lib/python3.12/site-packages/IPython/core/completer.py", line 2224, in _jedi_matcher
    matches = self._jedi_matches(
              ^^^^^^^^^^^^^^^^^^^
  File "/Users/shyamgupta/Documents/uohvenv/lib/python3.12/site-packages/IPython/core/completer.py", line 2278, in _jedi_matches
    interpreter = jedi.Interpreter(text[:offset], namespaces)
                  ^^^^^^^^^^^^^^^^^^^^^^^^^^^^^^^^^^^^^^^^^^^
  File "/Users/shyamgupta/Documents/uohvenv/lib/python3.12/site-packages/jedi/api/__init__.py", line 858, in __init__
    super(Interpreter, self).__init__(code, environment=environment,
  File "/Users/shyamgupta/Documents/uohvenv/lib/python3.12/site-packages/jedi/api/__init__.py", line 184, in __init__
    self._inference_state = InferenceState(
                            ^^^^^^^^^^^^^^^
  File "/Users/shyamgupta/Documents/uohvenv/lib/python3.12/site-packages/jedi/inference/__init__.py", line 91, in __init__
    self.grammar = environment.get_grammar()
                   ^^^^^^^^^^^^^^^^^^^^^^^^^
  File "/Users/shyamgupta/Documents/uohvenv/lib/python3.12/site-packages/jedi/cache.py", line 111, in wrapper
    result = method(self, *args, **kwargs)
             ^^^^^^^^^^^^^^^^^^^^^^^^^^^^^
  File "/Users/shyamgupta/Documents/uohvenv/lib/python3.12/site-packages/jedi/api/environment.py", line 37, in get_grammar
    return parso.load_grammar(version=version_string)
           ^^^^^^^^^^^^^^^^^^^^^^^^^^^^^^^^^^^^^^^^^^
  File "/Users/shyamgupta/Documents/uohvenv/lib/python3.12/site-packages/parso/grammar.py", line 260, in load_grammar
    return load_grammar(**kwargs)
           ^^^^^^^^^^^^^^^^^^^^^^
  File "/Users/shyamgupta/Documents/uohvenv/lib/python3.12/site-packages/parso/grammar.py", line 256, in load_grammar
    raise NotImplementedError(message)
NotImplementedError: Python version 3.12 is currently not supported.
Traceback (most recent call last):
  File "/Users/shyamgupta/Documents/uohvenv/lib/python3.12/site-packages/jedi/cache.py", line 109, in wrapper
    return dct[key]
           ~~~^^^^^
KeyError: ((), frozenset())

During handling of the above exception, another exception occurred:

Traceback (most recent call last):
  File "/Users/shyamgupta/Documents/uohvenv/lib/python3.12/site-packages/parso/grammar.py", line 246, in load_grammar
    return _loaded_grammars[path]
           ~~~~~~~~~~~~~~~~^^^^^^
KeyError: '/Users/shyamgupta/Documents/uohvenv/lib/python3.12/site-packages/parso/python/grammar312.txt'

During handling of the above exception, another exception occurred:

Traceback (most recent call last):
  File "/Users/shyamgupta/Documents/uohvenv/lib/python3.12/site-packages/parso/grammar.py", line 249, in load_grammar
    with open(path) as f:
         ^^^^^^^^^^
FileNotFoundError: [Errno 2] No such file or directory: '/Users/shyamgupta/Documents/uohvenv/lib/python3.12/site-packages/parso/python/grammar312.txt'

During handling of the above exception, another exception occurred:

Traceback (most recent call last):
  File "/Users/shyamgupta/Documents/uohvenv/lib/python3.12/site-packages/IPython/core/completer.py", line 3171, in _complete
    result = matcher(context)
             ^^^^^^^^^^^^^^^^
  File "/Users/shyamgupta/Documents/uohvenv/lib/python3.12/site-packages/IPython/core/completer.py", line 2224, in _jedi_matcher
    matches = self._jedi_matches(
              ^^^^^^^^^^^^^^^^^^^
  File "/Users/shyamgupta/Documents/uohvenv/lib/python3.12/site-packages/IPython/core/completer.py", line 2278, in _jedi_matches
    interpreter = jedi.Interpreter(text[:offset], namespaces)
                  ^^^^^^^^^^^^^^^^^^^^^^^^^^^^^^^^^^^^^^^^^^^
  File "/Users/shyamgupta/Documents/uohvenv/lib/python3.12/site-packages/jedi/api/__init__.py", line 858, in __init__
    super(Interpreter, self).__init__(code, environment=environment,
  File "/Users/shyamgupta/Documents/uohvenv/lib/python3.12/site-packages/jedi/api/__init__.py", line 184, in __init__
    self._inference_state = InferenceState(
                            ^^^^^^^^^^^^^^^
  File "/Users/shyamgupta/Documents/uohvenv/lib/python3.12/site-packages/jedi/inference/__init__.py", line 91, in __init__
    self.grammar = environment.get_grammar()
                   ^^^^^^^^^^^^^^^^^^^^^^^^^
  File "/Users/shyamgupta/Documents/uohvenv/lib/python3.12/site-packages/jedi/cache.py", line 111, in wrapper
    result = method(self, *args, **kwargs)
             ^^^^^^^^^^^^^^^^^^^^^^^^^^^^^
  File "/Users/shyamgupta/Documents/uohvenv/lib/python3.12/site-packages/jedi/api/environment.py", line 37, in get_grammar
    return parso.load_grammar(version=version_string)
           ^^^^^^^^^^^^^^^^^^^^^^^^^^^^^^^^^^^^^^^^^^
  File "/Users/shyamgupta/Documents/uohvenv/lib/python3.12/site-packages/parso/grammar.py", line 260, in load_grammar
    return load_grammar(**kwargs)
           ^^^^^^^^^^^^^^^^^^^^^^
  File "/Users/shyamgupta/Documents/uohvenv/lib/python3.12/site-packages/parso/grammar.py", line 256, in load_grammar
    raise NotImplementedError(message)
NotImplementedError: Python version 3.12 is currently not supported.
[I 2025-03-26 23:49:37.660 ServerApp] Saving file at /Bivariate Analysis.ipynb
[I 2025-03-26 23:50:15.811 ServerApp] Saving file at /Bivariate Analysis.ipynb
Traceback (most recent call last):
  File "/Users/shyamgupta/Documents/uohvenv/lib/python3.12/site-packages/jedi/cache.py", line 109, in wrapper
    return dct[key]
           ~~~^^^^^
KeyError: ((), frozenset())

During handling of the above exception, another exception occurred:

Traceback (most recent call last):
  File "/Users/shyamgupta/Documents/uohvenv/lib/python3.12/site-packages/parso/grammar.py", line 246, in load_grammar
    return _loaded_grammars[path]
           ~~~~~~~~~~~~~~~~^^^^^^
KeyError: '/Users/shyamgupta/Documents/uohvenv/lib/python3.12/site-packages/parso/python/grammar312.txt'

During handling of the above exception, another exception occurred:

Traceback (most recent call last):
  File "/Users/shyamgupta/Documents/uohvenv/lib/python3.12/site-packages/parso/grammar.py", line 249, in load_grammar
    with open(path) as f:
         ^^^^^^^^^^
FileNotFoundError: [Errno 2] No such file or directory: '/Users/shyamgupta/Documents/uohvenv/lib/python3.12/site-packages/parso/python/grammar312.txt'

During handling of the above exception, another exception occurred:

Traceback (most recent call last):
  File "/Users/shyamgupta/Documents/uohvenv/lib/python3.12/site-packages/IPython/core/completer.py", line 3171, in _complete
    result = matcher(context)
             ^^^^^^^^^^^^^^^^
  File "/Users/shyamgupta/Documents/uohvenv/lib/python3.12/site-packages/IPython/core/completer.py", line 2224, in _jedi_matcher
    matches = self._jedi_matches(
              ^^^^^^^^^^^^^^^^^^^
  File "/Users/shyamgupta/Documents/uohvenv/lib/python3.12/site-packages/IPython/core/completer.py", line 2278, in _jedi_matches
    interpreter = jedi.Interpreter(text[:offset], namespaces)
                  ^^^^^^^^^^^^^^^^^^^^^^^^^^^^^^^^^^^^^^^^^^^
  File "/Users/shyamgupta/Documents/uohvenv/lib/python3.12/site-packages/jedi/api/__init__.py", line 858, in __init__
    super(Interpreter, self).__init__(code, environment=environment,
  File "/Users/shyamgupta/Documents/uohvenv/lib/python3.12/site-packages/jedi/api/__init__.py", line 184, in __init__
    self._inference_state = InferenceState(
                            ^^^^^^^^^^^^^^^
  File "/Users/shyamgupta/Documents/uohvenv/lib/python3.12/site-packages/jedi/inference/__init__.py", line 91, in __init__
    self.grammar = environment.get_grammar()
                   ^^^^^^^^^^^^^^^^^^^^^^^^^
  File "/Users/shyamgupta/Documents/uohvenv/lib/python3.12/site-packages/jedi/cache.py", line 111, in wrapper
    result = method(self, *args, **kwargs)
             ^^^^^^^^^^^^^^^^^^^^^^^^^^^^^
  File "/Users/shyamgupta/Documents/uohvenv/lib/python3.12/site-packages/jedi/api/environment.py", line 37, in get_grammar
    return parso.load_grammar(version=version_string)
           ^^^^^^^^^^^^^^^^^^^^^^^^^^^^^^^^^^^^^^^^^^
  File "/Users/shyamgupta/Documents/uohvenv/lib/python3.12/site-packages/parso/grammar.py", line 260, in load_grammar
    return load_grammar(**kwargs)
           ^^^^^^^^^^^^^^^^^^^^^^
  File "/Users/shyamgupta/Documents/uohvenv/lib/python3.12/site-packages/parso/grammar.py", line 256, in load_grammar
    raise NotImplementedError(message)
NotImplementedError: Python version 3.12 is currently not supported.
Traceback (most recent call last):
  File "/Users/shyamgupta/Documents/uohvenv/lib/python3.12/site-packages/jedi/cache.py", line 109, in wrapper
    return dct[key]
           ~~~^^^^^
KeyError: ((), frozenset())

During handling of the above exception, another exception occurred:

Traceback (most recent call last):
  File "/Users/shyamgupta/Documents/uohvenv/lib/python3.12/site-packages/parso/grammar.py", line 246, in load_grammar
    return _loaded_grammars[path]
           ~~~~~~~~~~~~~~~~^^^^^^
KeyError: '/Users/shyamgupta/Documents/uohvenv/lib/python3.12/site-packages/parso/python/grammar312.txt'

During handling of the above exception, another exception occurred:

Traceback (most recent call last):
  File "/Users/shyamgupta/Documents/uohvenv/lib/python3.12/site-packages/parso/grammar.py", line 249, in load_grammar
    with open(path) as f:
         ^^^^^^^^^^
FileNotFoundError: [Errno 2] No such file or directory: '/Users/shyamgupta/Documents/uohvenv/lib/python3.12/site-packages/parso/python/grammar312.txt'

During handling of the above exception, another exception occurred:

Traceback (most recent call last):
  File "/Users/shyamgupta/Documents/uohvenv/lib/python3.12/site-packages/IPython/core/completer.py", line 3171, in _complete
    result = matcher(context)
             ^^^^^^^^^^^^^^^^
  File "/Users/shyamgupta/Documents/uohvenv/lib/python3.12/site-packages/IPython/core/completer.py", line 2224, in _jedi_matcher
    matches = self._jedi_matches(
              ^^^^^^^^^^^^^^^^^^^
  File "/Users/shyamgupta/Documents/uohvenv/lib/python3.12/site-packages/IPython/core/completer.py", line 2278, in _jedi_matches
    interpreter = jedi.Interpreter(text[:offset], namespaces)
                  ^^^^^^^^^^^^^^^^^^^^^^^^^^^^^^^^^^^^^^^^^^^
  File "/Users/shyamgupta/Documents/uohvenv/lib/python3.12/site-packages/jedi/api/__init__.py", line 858, in __init__
    super(Interpreter, self).__init__(code, environment=environment,
  File "/Users/shyamgupta/Documents/uohvenv/lib/python3.12/site-packages/jedi/api/__init__.py", line 184, in __init__
    self._inference_state = InferenceState(
                            ^^^^^^^^^^^^^^^
  File "/Users/shyamgupta/Documents/uohvenv/lib/python3.12/site-packages/jedi/inference/__init__.py", line 91, in __init__
    self.grammar = environment.get_grammar()
                   ^^^^^^^^^^^^^^^^^^^^^^^^^
  File "/Users/shyamgupta/Documents/uohvenv/lib/python3.12/site-packages/jedi/cache.py", line 111, in wrapper
    result = method(self, *args, **kwargs)
             ^^^^^^^^^^^^^^^^^^^^^^^^^^^^^
  File "/Users/shyamgupta/Documents/uohvenv/lib/python3.12/site-packages/jedi/api/environment.py", line 37, in get_grammar
    return parso.load_grammar(version=version_string)
           ^^^^^^^^^^^^^^^^^^^^^^^^^^^^^^^^^^^^^^^^^^
  File "/Users/shyamgupta/Documents/uohvenv/lib/python3.12/site-packages/parso/grammar.py", line 260, in load_grammar
    return load_grammar(**kwargs)
           ^^^^^^^^^^^^^^^^^^^^^^
  File "/Users/shyamgupta/Documents/uohvenv/lib/python3.12/site-packages/parso/grammar.py", line 256, in load_grammar
    raise NotImplementedError(message)
NotImplementedError: Python version 3.12 is currently not supported.
[I 2025-03-26 23:51:07.252 ServerApp] Saving file at /Bivariate Analysis.ipynb
[I 2025-03-26 23:52:13.786 ServerApp] Saving file at /Bivariate Analysis.ipynb
Traceback (most recent call last):
  File "/Users/shyamgupta/Documents/uohvenv/lib/python3.12/site-packages/jedi/cache.py", line 109, in wrapper
    return dct[key]
           ~~~^^^^^
KeyError: ((), frozenset())

During handling of the above exception, another exception occurred:

Traceback (most recent call last):
  File "/Users/shyamgupta/Documents/uohvenv/lib/python3.12/site-packages/parso/grammar.py", line 246, in load_grammar
    return _loaded_grammars[path]
           ~~~~~~~~~~~~~~~~^^^^^^
KeyError: '/Users/shyamgupta/Documents/uohvenv/lib/python3.12/site-packages/parso/python/grammar312.txt'

During handling of the above exception, another exception occurred:

Traceback (most recent call last):
  File "/Users/shyamgupta/Documents/uohvenv/lib/python3.12/site-packages/parso/grammar.py", line 249, in load_grammar
    with open(path) as f:
         ^^^^^^^^^^
FileNotFoundError: [Errno 2] No such file or directory: '/Users/shyamgupta/Documents/uohvenv/lib/python3.12/site-packages/parso/python/grammar312.txt'

During handling of the above exception, another exception occurred:

Traceback (most recent call last):
  File "/Users/shyamgupta/Documents/uohvenv/lib/python3.12/site-packages/IPython/core/completer.py", line 3171, in _complete
    result = matcher(context)
             ^^^^^^^^^^^^^^^^
  File "/Users/shyamgupta/Documents/uohvenv/lib/python3.12/site-packages/IPython/core/completer.py", line 2224, in _jedi_matcher
    matches = self._jedi_matches(
              ^^^^^^^^^^^^^^^^^^^
  File "/Users/shyamgupta/Documents/uohvenv/lib/python3.12/site-packages/IPython/core/completer.py", line 2278, in _jedi_matches
    interpreter = jedi.Interpreter(text[:offset], namespaces)
                  ^^^^^^^^^^^^^^^^^^^^^^^^^^^^^^^^^^^^^^^^^^^
  File "/Users/shyamgupta/Documents/uohvenv/lib/python3.12/site-packages/jedi/api/__init__.py", line 858, in __init__
    super(Interpreter, self).__init__(code, environment=environment,
  File "/Users/shyamgupta/Documents/uohvenv/lib/python3.12/site-packages/jedi/api/__init__.py", line 184, in __init__
    self._inference_state = InferenceState(
                            ^^^^^^^^^^^^^^^
  File "/Users/shyamgupta/Documents/uohvenv/lib/python3.12/site-packages/jedi/inference/__init__.py", line 91, in __init__
    self.grammar = environment.get_grammar()
                   ^^^^^^^^^^^^^^^^^^^^^^^^^
  File "/Users/shyamgupta/Documents/uohvenv/lib/python3.12/site-packages/jedi/cache.py", line 111, in wrapper
    result = method(self, *args, **kwargs)
             ^^^^^^^^^^^^^^^^^^^^^^^^^^^^^
  File "/Users/shyamgupta/Documents/uohvenv/lib/python3.12/site-packages/jedi/api/environment.py", line 37, in get_grammar
    return parso.load_grammar(version=version_string)
           ^^^^^^^^^^^^^^^^^^^^^^^^^^^^^^^^^^^^^^^^^^
  File "/Users/shyamgupta/Documents/uohvenv/lib/python3.12/site-packages/parso/grammar.py", line 260, in load_grammar
    return load_grammar(**kwargs)
           ^^^^^^^^^^^^^^^^^^^^^^
  File "/Users/shyamgupta/Documents/uohvenv/lib/python3.12/site-packages/parso/grammar.py", line 256, in load_grammar
    raise NotImplementedError(message)
NotImplementedError: Python version 3.12 is currently not supported.
[I 2025-03-26 23:54:13.815 ServerApp] Saving file at /Bivariate Analysis.ipynb
[I 2025-03-26 23:55:17.988 ServerApp] Saving file at /Bivariate Analysis.ipynb
[I 2025-03-26 23:55:18.402 ServerApp] Saving file at /Bivariate Analysis.ipynb
Traceback (most recent call last):
  File "/Users/shyamgupta/Documents/uohvenv/lib/python3.12/site-packages/jedi/cache.py", line 109, in wrapper
    return dct[key]
           ~~~^^^^^
KeyError: ((), frozenset())

During handling of the above exception, another exception occurred:

Traceback (most recent call last):
  File "/Users/shyamgupta/Documents/uohvenv/lib/python3.12/site-packages/parso/grammar.py", line 246, in load_grammar
    return _loaded_grammars[path]
           ~~~~~~~~~~~~~~~~^^^^^^
KeyError: '/Users/shyamgupta/Documents/uohvenv/lib/python3.12/site-packages/parso/python/grammar312.txt'

During handling of the above exception, another exception occurred:

Traceback (most recent call last):
  File "/Users/shyamgupta/Documents/uohvenv/lib/python3.12/site-packages/parso/grammar.py", line 249, in load_grammar
    with open(path) as f:
         ^^^^^^^^^^
FileNotFoundError: [Errno 2] No such file or directory: '/Users/shyamgupta/Documents/uohvenv/lib/python3.12/site-packages/parso/python/grammar312.txt'

During handling of the above exception, another exception occurred:

Traceback (most recent call last):
  File "/Users/shyamgupta/Documents/uohvenv/lib/python3.12/site-packages/IPython/core/completer.py", line 3171, in _complete
    result = matcher(context)
             ^^^^^^^^^^^^^^^^
  File "/Users/shyamgupta/Documents/uohvenv/lib/python3.12/site-packages/IPython/core/completer.py", line 2224, in _jedi_matcher
    matches = self._jedi_matches(
              ^^^^^^^^^^^^^^^^^^^
  File "/Users/shyamgupta/Documents/uohvenv/lib/python3.12/site-packages/IPython/core/completer.py", line 2278, in _jedi_matches
    interpreter = jedi.Interpreter(text[:offset], namespaces)
                  ^^^^^^^^^^^^^^^^^^^^^^^^^^^^^^^^^^^^^^^^^^^
  File "/Users/shyamgupta/Documents/uohvenv/lib/python3.12/site-packages/jedi/api/__init__.py", line 858, in __init__
    super(Interpreter, self).__init__(code, environment=environment,
  File "/Users/shyamgupta/Documents/uohvenv/lib/python3.12/site-packages/jedi/api/__init__.py", line 184, in __init__
    self._inference_state = InferenceState(
                            ^^^^^^^^^^^^^^^
  File "/Users/shyamgupta/Documents/uohvenv/lib/python3.12/site-packages/jedi/inference/__init__.py", line 91, in __init__
    self.grammar = environment.get_grammar()
                   ^^^^^^^^^^^^^^^^^^^^^^^^^
  File "/Users/shyamgupta/Documents/uohvenv/lib/python3.12/site-packages/jedi/cache.py", line 111, in wrapper
    result = method(self, *args, **kwargs)
             ^^^^^^^^^^^^^^^^^^^^^^^^^^^^^
  File "/Users/shyamgupta/Documents/uohvenv/lib/python3.12/site-packages/jedi/api/environment.py", line 37, in get_grammar
    return parso.load_grammar(version=version_string)
           ^^^^^^^^^^^^^^^^^^^^^^^^^^^^^^^^^^^^^^^^^^
  File "/Users/shyamgupta/Documents/uohvenv/lib/python3.12/site-packages/parso/grammar.py", line 260, in load_grammar
    return load_grammar(**kwargs)
           ^^^^^^^^^^^^^^^^^^^^^^
  File "/Users/shyamgupta/Documents/uohvenv/lib/python3.12/site-packages/parso/grammar.py", line 256, in load_grammar
    raise NotImplementedError(message)
NotImplementedError: Python version 3.12 is currently not supported.
Traceback (most recent call last):
  File "/Users/shyamgupta/Documents/uohvenv/lib/python3.12/site-packages/jedi/cache.py", line 109, in wrapper
    return dct[key]
           ~~~^^^^^
KeyError: ((), frozenset())

During handling of the above exception, another exception occurred:

Traceback (most recent call last):
  File "/Users/shyamgupta/Documents/uohvenv/lib/python3.12/site-packages/parso/grammar.py", line 246, in load_grammar
    return _loaded_grammars[path]
           ~~~~~~~~~~~~~~~~^^^^^^
KeyError: '/Users/shyamgupta/Documents/uohvenv/lib/python3.12/site-packages/parso/python/grammar312.txt'

During handling of the above exception, another exception occurred:

Traceback (most recent call last):
  File "/Users/shyamgupta/Documents/uohvenv/lib/python3.12/site-packages/parso/grammar.py", line 249, in load_grammar
    with open(path) as f:
         ^^^^^^^^^^
FileNotFoundError: [Errno 2] No such file or directory: '/Users/shyamgupta/Documents/uohvenv/lib/python3.12/site-packages/parso/python/grammar312.txt'

During handling of the above exception, another exception occurred:

Traceback (most recent call last):
  File "/Users/shyamgupta/Documents/uohvenv/lib/python3.12/site-packages/IPython/core/completer.py", line 3171, in _complete
    result = matcher(context)
             ^^^^^^^^^^^^^^^^
  File "/Users/shyamgupta/Documents/uohvenv/lib/python3.12/site-packages/IPython/core/completer.py", line 2224, in _jedi_matcher
    matches = self._jedi_matches(
              ^^^^^^^^^^^^^^^^^^^
  File "/Users/shyamgupta/Documents/uohvenv/lib/python3.12/site-packages/IPython/core/completer.py", line 2278, in _jedi_matches
    interpreter = jedi.Interpreter(text[:offset], namespaces)
                  ^^^^^^^^^^^^^^^^^^^^^^^^^^^^^^^^^^^^^^^^^^^
  File "/Users/shyamgupta/Documents/uohvenv/lib/python3.12/site-packages/jedi/api/__init__.py", line 858, in __init__
    super(Interpreter, self).__init__(code, environment=environment,
  File "/Users/shyamgupta/Documents/uohvenv/lib/python3.12/site-packages/jedi/api/__init__.py", line 184, in __init__
    self._inference_state = InferenceState(
                            ^^^^^^^^^^^^^^^
  File "/Users/shyamgupta/Documents/uohvenv/lib/python3.12/site-packages/jedi/inference/__init__.py", line 91, in __init__
    self.grammar = environment.get_grammar()
                   ^^^^^^^^^^^^^^^^^^^^^^^^^
  File "/Users/shyamgupta/Documents/uohvenv/lib/python3.12/site-packages/jedi/cache.py", line 111, in wrapper
    result = method(self, *args, **kwargs)
             ^^^^^^^^^^^^^^^^^^^^^^^^^^^^^
  File "/Users/shyamgupta/Documents/uohvenv/lib/python3.12/site-packages/jedi/api/environment.py", line 37, in get_grammar
    return parso.load_grammar(version=version_string)
           ^^^^^^^^^^^^^^^^^^^^^^^^^^^^^^^^^^^^^^^^^^
  File "/Users/shyamgupta/Documents/uohvenv/lib/python3.12/site-packages/parso/grammar.py", line 260, in load_grammar
    return load_grammar(**kwargs)
           ^^^^^^^^^^^^^^^^^^^^^^
  File "/Users/shyamgupta/Documents/uohvenv/lib/python3.12/site-packages/parso/grammar.py", line 256, in load_grammar
    raise NotImplementedError(message)
NotImplementedError: Python version 3.12 is currently not supported.
Traceback (most recent call last):
  File "/Users/shyamgupta/Documents/uohvenv/lib/python3.12/site-packages/jedi/cache.py", line 109, in wrapper
    return dct[key]
           ~~~^^^^^
KeyError: ((), frozenset())

During handling of the above exception, another exception occurred:

Traceback (most recent call last):
  File "/Users/shyamgupta/Documents/uohvenv/lib/python3.12/site-packages/parso/grammar.py", line 246, in load_grammar
    return _loaded_grammars[path]
           ~~~~~~~~~~~~~~~~^^^^^^
KeyError: '/Users/shyamgupta/Documents/uohvenv/lib/python3.12/site-packages/parso/python/grammar312.txt'

During handling of the above exception, another exception occurred:

Traceback (most recent call last):
  File "/Users/shyamgupta/Documents/uohvenv/lib/python3.12/site-packages/parso/grammar.py", line 249, in load_grammar
    with open(path) as f:
         ^^^^^^^^^^
FileNotFoundError: [Errno 2] No such file or directory: '/Users/shyamgupta/Documents/uohvenv/lib/python3.12/site-packages/parso/python/grammar312.txt'

During handling of the above exception, another exception occurred:

Traceback (most recent call last):
  File "/Users/shyamgupta/Documents/uohvenv/lib/python3.12/site-packages/IPython/core/completer.py", line 3171, in _complete
    result = matcher(context)
             ^^^^^^^^^^^^^^^^
  File "/Users/shyamgupta/Documents/uohvenv/lib/python3.12/site-packages/IPython/core/completer.py", line 2224, in _jedi_matcher
    matches = self._jedi_matches(
              ^^^^^^^^^^^^^^^^^^^
  File "/Users/shyamgupta/Documents/uohvenv/lib/python3.12/site-packages/IPython/core/completer.py", line 2278, in _jedi_matches
    interpreter = jedi.Interpreter(text[:offset], namespaces)
                  ^^^^^^^^^^^^^^^^^^^^^^^^^^^^^^^^^^^^^^^^^^^
  File "/Users/shyamgupta/Documents/uohvenv/lib/python3.12/site-packages/jedi/api/__init__.py", line 858, in __init__
    super(Interpreter, self).__init__(code, environment=environment,
  File "/Users/shyamgupta/Documents/uohvenv/lib/python3.12/site-packages/jedi/api/__init__.py", line 184, in __init__
    self._inference_state = InferenceState(
                            ^^^^^^^^^^^^^^^
  File "/Users/shyamgupta/Documents/uohvenv/lib/python3.12/site-packages/jedi/inference/__init__.py", line 91, in __init__
    self.grammar = environment.get_grammar()
                   ^^^^^^^^^^^^^^^^^^^^^^^^^
  File "/Users/shyamgupta/Documents/uohvenv/lib/python3.12/site-packages/jedi/cache.py", line 111, in wrapper
    result = method(self, *args, **kwargs)
             ^^^^^^^^^^^^^^^^^^^^^^^^^^^^^
  File "/Users/shyamgupta/Documents/uohvenv/lib/python3.12/site-packages/jedi/api/environment.py", line 37, in get_grammar
    return parso.load_grammar(version=version_string)
           ^^^^^^^^^^^^^^^^^^^^^^^^^^^^^^^^^^^^^^^^^^
  File "/Users/shyamgupta/Documents/uohvenv/lib/python3.12/site-packages/parso/grammar.py", line 260, in load_grammar
    return load_grammar(**kwargs)
           ^^^^^^^^^^^^^^^^^^^^^^
  File "/Users/shyamgupta/Documents/uohvenv/lib/python3.12/site-packages/parso/grammar.py", line 256, in load_grammar
    raise NotImplementedError(message)
NotImplementedError: Python version 3.12 is currently not supported.
Traceback (most recent call last):
  File "/Users/shyamgupta/Documents/uohvenv/lib/python3.12/site-packages/jedi/cache.py", line 109, in wrapper
    return dct[key]
           ~~~^^^^^
KeyError: ((), frozenset())

During handling of the above exception, another exception occurred:

Traceback (most recent call last):
  File "/Users/shyamgupta/Documents/uohvenv/lib/python3.12/site-packages/parso/grammar.py", line 246, in load_grammar
    return _loaded_grammars[path]
           ~~~~~~~~~~~~~~~~^^^^^^
KeyError: '/Users/shyamgupta/Documents/uohvenv/lib/python3.12/site-packages/parso/python/grammar312.txt'

During handling of the above exception, another exception occurred:

Traceback (most recent call last):
  File "/Users/shyamgupta/Documents/uohvenv/lib/python3.12/site-packages/parso/grammar.py", line 249, in load_grammar
    with open(path) as f:
         ^^^^^^^^^^
FileNotFoundError: [Errno 2] No such file or directory: '/Users/shyamgupta/Documents/uohvenv/lib/python3.12/site-packages/parso/python/grammar312.txt'

During handling of the above exception, another exception occurred:

Traceback (most recent call last):
  File "/Users/shyamgupta/Documents/uohvenv/lib/python3.12/site-packages/IPython/core/completer.py", line 3171, in _complete
    result = matcher(context)
             ^^^^^^^^^^^^^^^^
  File "/Users/shyamgupta/Documents/uohvenv/lib/python3.12/site-packages/IPython/core/completer.py", line 2224, in _jedi_matcher
    matches = self._jedi_matches(
              ^^^^^^^^^^^^^^^^^^^
  File "/Users/shyamgupta/Documents/uohvenv/lib/python3.12/site-packages/IPython/core/completer.py", line 2278, in _jedi_matches
    interpreter = jedi.Interpreter(text[:offset], namespaces)
                  ^^^^^^^^^^^^^^^^^^^^^^^^^^^^^^^^^^^^^^^^^^^
  File "/Users/shyamgupta/Documents/uohvenv/lib/python3.12/site-packages/jedi/api/__init__.py", line 858, in __init__
    super(Interpreter, self).__init__(code, environment=environment,
  File "/Users/shyamgupta/Documents/uohvenv/lib/python3.12/site-packages/jedi/api/__init__.py", line 184, in __init__
    self._inference_state = InferenceState(
                            ^^^^^^^^^^^^^^^
  File "/Users/shyamgupta/Documents/uohvenv/lib/python3.12/site-packages/jedi/inference/__init__.py", line 91, in __init__
    self.grammar = environment.get_grammar()
                   ^^^^^^^^^^^^^^^^^^^^^^^^^
  File "/Users/shyamgupta/Documents/uohvenv/lib/python3.12/site-packages/jedi/cache.py", line 111, in wrapper
    result = method(self, *args, **kwargs)
             ^^^^^^^^^^^^^^^^^^^^^^^^^^^^^
  File "/Users/shyamgupta/Documents/uohvenv/lib/python3.12/site-packages/jedi/api/environment.py", line 37, in get_grammar
    return parso.load_grammar(version=version_string)
           ^^^^^^^^^^^^^^^^^^^^^^^^^^^^^^^^^^^^^^^^^^
  File "/Users/shyamgupta/Documents/uohvenv/lib/python3.12/site-packages/parso/grammar.py", line 260, in load_grammar
    return load_grammar(**kwargs)
           ^^^^^^^^^^^^^^^^^^^^^^
  File "/Users/shyamgupta/Documents/uohvenv/lib/python3.12/site-packages/parso/grammar.py", line 256, in load_grammar
    raise NotImplementedError(message)
NotImplementedError: Python version 3.12 is currently not supported.
Traceback (most recent call last):
  File "/Users/shyamgupta/Documents/uohvenv/lib/python3.12/site-packages/jedi/cache.py", line 109, in wrapper
    return dct[key]
           ~~~^^^^^
KeyError: ((), frozenset())

During handling of the above exception, another exception occurred:

Traceback (most recent call last):
  File "/Users/shyamgupta/Documents/uohvenv/lib/python3.12/site-packages/parso/grammar.py", line 246, in load_grammar
    return _loaded_grammars[path]
           ~~~~~~~~~~~~~~~~^^^^^^
KeyError: '/Users/shyamgupta/Documents/uohvenv/lib/python3.12/site-packages/parso/python/grammar312.txt'

During handling of the above exception, another exception occurred:

Traceback (most recent call last):
  File "/Users/shyamgupta/Documents/uohvenv/lib/python3.12/site-packages/parso/grammar.py", line 249, in load_grammar
    with open(path) as f:
         ^^^^^^^^^^
FileNotFoundError: [Errno 2] No such file or directory: '/Users/shyamgupta/Documents/uohvenv/lib/python3.12/site-packages/parso/python/grammar312.txt'

During handling of the above exception, another exception occurred:

Traceback (most recent call last):
  File "/Users/shyamgupta/Documents/uohvenv/lib/python3.12/site-packages/IPython/core/completer.py", line 3171, in _complete
    result = matcher(context)
             ^^^^^^^^^^^^^^^^
  File "/Users/shyamgupta/Documents/uohvenv/lib/python3.12/site-packages/IPython/core/completer.py", line 2224, in _jedi_matcher
    matches = self._jedi_matches(
              ^^^^^^^^^^^^^^^^^^^
  File "/Users/shyamgupta/Documents/uohvenv/lib/python3.12/site-packages/IPython/core/completer.py", line 2278, in _jedi_matches
    interpreter = jedi.Interpreter(text[:offset], namespaces)
                  ^^^^^^^^^^^^^^^^^^^^^^^^^^^^^^^^^^^^^^^^^^^
  File "/Users/shyamgupta/Documents/uohvenv/lib/python3.12/site-packages/jedi/api/__init__.py", line 858, in __init__
    super(Interpreter, self).__init__(code, environment=environment,
  File "/Users/shyamgupta/Documents/uohvenv/lib/python3.12/site-packages/jedi/api/__init__.py", line 184, in __init__
    self._inference_state = InferenceState(
                            ^^^^^^^^^^^^^^^
  File "/Users/shyamgupta/Documents/uohvenv/lib/python3.12/site-packages/jedi/inference/__init__.py", line 91, in __init__
    self.grammar = environment.get_grammar()
                   ^^^^^^^^^^^^^^^^^^^^^^^^^
  File "/Users/shyamgupta/Documents/uohvenv/lib/python3.12/site-packages/jedi/cache.py", line 111, in wrapper
    result = method(self, *args, **kwargs)
             ^^^^^^^^^^^^^^^^^^^^^^^^^^^^^
  File "/Users/shyamgupta/Documents/uohvenv/lib/python3.12/site-packages/jedi/api/environment.py", line 37, in get_grammar
    return parso.load_grammar(version=version_string)
           ^^^^^^^^^^^^^^^^^^^^^^^^^^^^^^^^^^^^^^^^^^
  File "/Users/shyamgupta/Documents/uohvenv/lib/python3.12/site-packages/parso/grammar.py", line 260, in load_grammar
    return load_grammar(**kwargs)
           ^^^^^^^^^^^^^^^^^^^^^^
  File "/Users/shyamgupta/Documents/uohvenv/lib/python3.12/site-packages/parso/grammar.py", line 256, in load_grammar
    raise NotImplementedError(message)
NotImplementedError: Python version 3.12 is currently not supported.
Traceback (most recent call last):
  File "/Users/shyamgupta/Documents/uohvenv/lib/python3.12/site-packages/jedi/cache.py", line 109, in wrapper
    return dct[key]
           ~~~^^^^^
KeyError: ((), frozenset())

During handling of the above exception, another exception occurred:

Traceback (most recent call last):
  File "/Users/shyamgupta/Documents/uohvenv/lib/python3.12/site-packages/parso/grammar.py", line 246, in load_grammar
    return _loaded_grammars[path]
           ~~~~~~~~~~~~~~~~^^^^^^
KeyError: '/Users/shyamgupta/Documents/uohvenv/lib/python3.12/site-packages/parso/python/grammar312.txt'

During handling of the above exception, another exception occurred:

Traceback (most recent call last):
  File "/Users/shyamgupta/Documents/uohvenv/lib/python3.12/site-packages/parso/grammar.py", line 249, in load_grammar
    with open(path) as f:
         ^^^^^^^^^^
FileNotFoundError: [Errno 2] No such file or directory: '/Users/shyamgupta/Documents/uohvenv/lib/python3.12/site-packages/parso/python/grammar312.txt'

During handling of the above exception, another exception occurred:

Traceback (most recent call last):
  File "/Users/shyamgupta/Documents/uohvenv/lib/python3.12/site-packages/IPython/core/completer.py", line 3171, in _complete
    result = matcher(context)
             ^^^^^^^^^^^^^^^^
  File "/Users/shyamgupta/Documents/uohvenv/lib/python3.12/site-packages/IPython/core/completer.py", line 2224, in _jedi_matcher
    matches = self._jedi_matches(
              ^^^^^^^^^^^^^^^^^^^
  File "/Users/shyamgupta/Documents/uohvenv/lib/python3.12/site-packages/IPython/core/completer.py", line 2278, in _jedi_matches
    interpreter = jedi.Interpreter(text[:offset], namespaces)
                  ^^^^^^^^^^^^^^^^^^^^^^^^^^^^^^^^^^^^^^^^^^^
  File "/Users/shyamgupta/Documents/uohvenv/lib/python3.12/site-packages/jedi/api/__init__.py", line 858, in __init__
    super(Interpreter, self).__init__(code, environment=environment,
  File "/Users/shyamgupta/Documents/uohvenv/lib/python3.12/site-packages/jedi/api/__init__.py", line 184, in __init__
    self._inference_state = InferenceState(
                            ^^^^^^^^^^^^^^^
  File "/Users/shyamgupta/Documents/uohvenv/lib/python3.12/site-packages/jedi/inference/__init__.py", line 91, in __init__
    self.grammar = environment.get_grammar()
                   ^^^^^^^^^^^^^^^^^^^^^^^^^
  File "/Users/shyamgupta/Documents/uohvenv/lib/python3.12/site-packages/jedi/cache.py", line 111, in wrapper
    result = method(self, *args, **kwargs)
             ^^^^^^^^^^^^^^^^^^^^^^^^^^^^^
  File "/Users/shyamgupta/Documents/uohvenv/lib/python3.12/site-packages/jedi/api/environment.py", line 37, in get_grammar
    return parso.load_grammar(version=version_string)
           ^^^^^^^^^^^^^^^^^^^^^^^^^^^^^^^^^^^^^^^^^^
  File "/Users/shyamgupta/Documents/uohvenv/lib/python3.12/site-packages/parso/grammar.py", line 260, in load_grammar
    return load_grammar(**kwargs)
           ^^^^^^^^^^^^^^^^^^^^^^
  File "/Users/shyamgupta/Documents/uohvenv/lib/python3.12/site-packages/parso/grammar.py", line 256, in load_grammar
    raise NotImplementedError(message)
NotImplementedError: Python version 3.12 is currently not supported.
[I 2025-03-26 23:57:18.022 ServerApp] Saving file at /Bivariate Analysis.ipynb
[I 2025-03-26 23:59:18.055 ServerApp] Saving file at /Bivariate Analysis.ipynb
Traceback (most recent call last):
  File "/Users/shyamgupta/Documents/uohvenv/lib/python3.12/site-packages/jedi/cache.py", line 109, in wrapper
    return dct[key]
           ~~~^^^^^
KeyError: ((), frozenset())

During handling of the above exception, another exception occurred:

Traceback (most recent call last):
  File "/Users/shyamgupta/Documents/uohvenv/lib/python3.12/site-packages/parso/grammar.py", line 246, in load_grammar
    return _loaded_grammars[path]
           ~~~~~~~~~~~~~~~~^^^^^^
KeyError: '/Users/shyamgupta/Documents/uohvenv/lib/python3.12/site-packages/parso/python/grammar312.txt'

During handling of the above exception, another exception occurred:

Traceback (most recent call last):
  File "/Users/shyamgupta/Documents/uohvenv/lib/python3.12/site-packages/parso/grammar.py", line 249, in load_grammar
    with open(path) as f:
         ^^^^^^^^^^
FileNotFoundError: [Errno 2] No such file or directory: '/Users/shyamgupta/Documents/uohvenv/lib/python3.12/site-packages/parso/python/grammar312.txt'

During handling of the above exception, another exception occurred:

Traceback (most recent call last):
  File "/Users/shyamgupta/Documents/uohvenv/lib/python3.12/site-packages/IPython/core/completer.py", line 3171, in _complete
    result = matcher(context)
             ^^^^^^^^^^^^^^^^
  File "/Users/shyamgupta/Documents/uohvenv/lib/python3.12/site-packages/IPython/core/completer.py", line 2224, in _jedi_matcher
    matches = self._jedi_matches(
              ^^^^^^^^^^^^^^^^^^^
  File "/Users/shyamgupta/Documents/uohvenv/lib/python3.12/site-packages/IPython/core/completer.py", line 2278, in _jedi_matches
    interpreter = jedi.Interpreter(text[:offset], namespaces)
                  ^^^^^^^^^^^^^^^^^^^^^^^^^^^^^^^^^^^^^^^^^^^
  File "/Users/shyamgupta/Documents/uohvenv/lib/python3.12/site-packages/jedi/api/__init__.py", line 858, in __init__
    super(Interpreter, self).__init__(code, environment=environment,
  File "/Users/shyamgupta/Documents/uohvenv/lib/python3.12/site-packages/jedi/api/__init__.py", line 184, in __init__
    self._inference_state = InferenceState(
                            ^^^^^^^^^^^^^^^
  File "/Users/shyamgupta/Documents/uohvenv/lib/python3.12/site-packages/jedi/inference/__init__.py", line 91, in __init__
    self.grammar = environment.get_grammar()
                   ^^^^^^^^^^^^^^^^^^^^^^^^^
  File "/Users/shyamgupta/Documents/uohvenv/lib/python3.12/site-packages/jedi/cache.py", line 111, in wrapper
    result = method(self, *args, **kwargs)
             ^^^^^^^^^^^^^^^^^^^^^^^^^^^^^
  File "/Users/shyamgupta/Documents/uohvenv/lib/python3.12/site-packages/jedi/api/environment.py", line 37, in get_grammar
    return parso.load_grammar(version=version_string)
           ^^^^^^^^^^^^^^^^^^^^^^^^^^^^^^^^^^^^^^^^^^
  File "/Users/shyamgupta/Documents/uohvenv/lib/python3.12/site-packages/parso/grammar.py", line 260, in load_grammar
    return load_grammar(**kwargs)
           ^^^^^^^^^^^^^^^^^^^^^^
  File "/Users/shyamgupta/Documents/uohvenv/lib/python3.12/site-packages/parso/grammar.py", line 256, in load_grammar
    raise NotImplementedError(message)
NotImplementedError: Python version 3.12 is currently not supported.
Traceback (most recent call last):
  File "/Users/shyamgupta/Documents/uohvenv/lib/python3.12/site-packages/jedi/cache.py", line 109, in wrapper
    return dct[key]
           ~~~^^^^^
KeyError: ((), frozenset())

During handling of the above exception, another exception occurred:

Traceback (most recent call last):
  File "/Users/shyamgupta/Documents/uohvenv/lib/python3.12/site-packages/parso/grammar.py", line 246, in load_grammar
    return _loaded_grammars[path]
           ~~~~~~~~~~~~~~~~^^^^^^
KeyError: '/Users/shyamgupta/Documents/uohvenv/lib/python3.12/site-packages/parso/python/grammar312.txt'

During handling of the above exception, another exception occurred:

Traceback (most recent call last):
  File "/Users/shyamgupta/Documents/uohvenv/lib/python3.12/site-packages/parso/grammar.py", line 249, in load_grammar
    with open(path) as f:
         ^^^^^^^^^^
FileNotFoundError: [Errno 2] No such file or directory: '/Users/shyamgupta/Documents/uohvenv/lib/python3.12/site-packages/parso/python/grammar312.txt'

During handling of the above exception, another exception occurred:

Traceback (most recent call last):
  File "/Users/shyamgupta/Documents/uohvenv/lib/python3.12/site-packages/IPython/core/completer.py", line 3171, in _complete
    result = matcher(context)
             ^^^^^^^^^^^^^^^^
  File "/Users/shyamgupta/Documents/uohvenv/lib/python3.12/site-packages/IPython/core/completer.py", line 2224, in _jedi_matcher
    matches = self._jedi_matches(
              ^^^^^^^^^^^^^^^^^^^
  File "/Users/shyamgupta/Documents/uohvenv/lib/python3.12/site-packages/IPython/core/completer.py", line 2278, in _jedi_matches
    interpreter = jedi.Interpreter(text[:offset], namespaces)
                  ^^^^^^^^^^^^^^^^^^^^^^^^^^^^^^^^^^^^^^^^^^^
  File "/Users/shyamgupta/Documents/uohvenv/lib/python3.12/site-packages/jedi/api/__init__.py", line 858, in __init__
    super(Interpreter, self).__init__(code, environment=environment,
  File "/Users/shyamgupta/Documents/uohvenv/lib/python3.12/site-packages/jedi/api/__init__.py", line 184, in __init__
    self._inference_state = InferenceState(
                            ^^^^^^^^^^^^^^^
  File "/Users/shyamgupta/Documents/uohvenv/lib/python3.12/site-packages/jedi/inference/__init__.py", line 91, in __init__
    self.grammar = environment.get_grammar()
                   ^^^^^^^^^^^^^^^^^^^^^^^^^
  File "/Users/shyamgupta/Documents/uohvenv/lib/python3.12/site-packages/jedi/cache.py", line 111, in wrapper
    result = method(self, *args, **kwargs)
             ^^^^^^^^^^^^^^^^^^^^^^^^^^^^^
  File "/Users/shyamgupta/Documents/uohvenv/lib/python3.12/site-packages/jedi/api/environment.py", line 37, in get_grammar
    return parso.load_grammar(version=version_string)
           ^^^^^^^^^^^^^^^^^^^^^^^^^^^^^^^^^^^^^^^^^^
  File "/Users/shyamgupta/Documents/uohvenv/lib/python3.12/site-packages/parso/grammar.py", line 260, in load_grammar
    return load_grammar(**kwargs)
           ^^^^^^^^^^^^^^^^^^^^^^
  File "/Users/shyamgupta/Documents/uohvenv/lib/python3.12/site-packages/parso/grammar.py", line 256, in load_grammar
    raise NotImplementedError(message)
NotImplementedError: Python version 3.12 is currently not supported.
[I 2025-03-27 00:00:55.926 ServerApp] Saving file at /Bivariate Analysis.ipynb
[I 2025-03-27 00:01:05.613 ServerApp] Saving file at /Bivariate Analysis.ipynb
[IPKernelApp] WARNING | Parent appears to have exited, shutting down.
[IPKernelApp] WARNING | Parent appears to have exited, shutting down.
